INFO 2025-03-17 02:07:33,898 autoreload 85 133723265533760 Watching for file changes with StatReloader
WARNING 2025-03-17 02:09:32,916 log 2 130252754163584 Not Found: /
INFO 2025-03-17 02:09:42,284 views 2 130252754163584 Received request to initiate payment.
INFO 2025-03-17 02:09:42,286 views 2 130252754163584 Generated track_id: TRK77ADCD32F8AC29E4
INFO 2025-03-17 02:09:42,312 views 2 130252754163584 Created transaction with ID: 51
INFO 2025-03-17 02:09:42,313 views 2 130252754163584 Prepared KNET request data: {'trackid': 'TRK77ADCD32F8AC29E4', 'amt': '500.000', 'id': '540801', 'password': '540801pg', 'currencycode': '414', 'langid': 'USA', 'action': '1', 'responseURL': 'https://duelingpayment.eu.pythonanywhere.com/response/', 'errorURL': 'https://duelingpayment.eu.pythonanywhere.com/error/'}
INFO 2025-03-17 02:09:42,318 views 2 130252754163584 Successfully encrypted request data.
INFO 2025-03-17 02:09:42,319 views 2 130252754163584 Generated payment URL: https://kpaytest.com.kw/kpg/PaymentHTTP.htm?param=paymentInit&trandata=0D4C4F62B760DB09C3BDC69D96DD3EA40918ECC6B4E102EA44648FE2AD46654EB939653845562AEB15A3D7D8DD10A3948C311B2BD62EE73FA63F484C74BBA062DD2A7805DC0CD20624972D33AA688841B3BFCE804A994E90D1B4D62B8295A7F8AC3F1D152570E5243F1B27BECFD0F878F3F514B2B6267FCC772E9FCF58204C365F427D6E157580655710110E446DDC29BD9A33A53B2C20CC4EA9AC76BC845ED35BAC24C713AB94F33A3C18EDEA55A239AA8C9BB109C395D6AC3859B90A29457648E87C1E6129B97B5FD753524C3A5F8C3FCF788B4E9BD5EAC4A2BA2983F0002A6E5C803BDAF76E9461B9C4138625A699&errorURL=https://duelingpayment.eu.pythonanywhere.com/error/&responseURL=https://duelingpayment.eu.pythonanywhere.com/response/&tranportalId=540801
INFO 2025-03-17 02:12:26,274 views 2 130252754163584 Received request at /response/ with content-type: text/html
INFO 2025-03-17 02:12:26,275 views 2 130252754163584 Received encrypted HTML content: 1F3A26735515A6BB5FAAEFF24F9AC485BDB132F32DB17795035C9A2F2B46873C23216E806E24965D7906D800E5783448CF80683C78ED099538A0BC92718E4AC30E37BA9323F50525B3502A1D9FCAB13EC2736D862DF0823C5668D3042B2DD04BAA8F94B52198A85DFF3B0C2FF6DACD087F37E4B52ADFFE18D1A2EB24AE7807AB83599B61E1F96DA2A1331EAA6AABF6ED3E5032CC6EDEDA2417E658B4E062987EF909D3F818C7BADA949D79949C05AF6246CD4A4FE67806F0DA321ABA52C78730741650E0B66F69A3D6D7600CD0E0BDE71CC50E14BD8DB5A714640E6F6D836D68
INFO 2025-03-17 02:12:26,276 views 2 130252754163584 Decrypted HTML content: paymentid=100507610000000055&result=NOT+CAPTURED&auth=000000&avr=N&ref=507610000004&tranid=507610000003946&postdate=0317&trackid=TRK77ADCD32F8AC29E4&udf1=&udf2=&udf3=&udf4=&udf6=&udf7=&udf8=&udf9=&udf10=&udf5=&amt=500.000&
INFO 2025-03-17 02:12:26,276 views 2 130252754163584 Parsed data: {'paymentid': ['100507610000000055'], 'result': ['NOT CAPTURED'], 'auth': ['000000'], 'avr': ['N'], 'ref': ['507610000004'], 'tranid': ['507610000003946'], 'postdate': ['0317'], 'trackid': ['TRK77ADCD32F8AC29E4'], 'amt': ['500.000']}
INFO 2025-03-17 02:12:26,277 views 2 130252754163584 Payment ID: 100507610000000055, Result: NOT CAPTURED, Track ID: TRK77ADCD32F8AC29E4, Amount: 500.000
INFO 2025-03-17 02:12:28,197 views 2 130252754163584 Received request at /error/ with content-type: application/x-www-form-urlencoded
INFO 2025-03-17 02:12:28,198 views 2 130252754163584 Request body: <QueryDict: {'paymentid': ['100507610000000055'], 'trackid': ['TRK77ADCD32F8AC29E4'], 'tranid': [''], 'trandata': ['1F3A26735515A6BB5FAAEFF24F9AC485BDB132F32DB17795035C9A2F2B46873C23216E806E24965D7906D800E5783448CF80683C78ED099538A0BC92718E4AC30E37BA9323F50525B3502A1D9FCAB13EC2736D862DF0823C5668D3042B2DD04BAA8F94B52198A85DFF3B0C2FF6DACD087F37E4B52ADFFE18D1A2EB24AE7807AB83599B61E1F96DA2A1331EAA6AABF6ED3E5032CC6EDEDA2417E658B4E062987EF909D3F818C7BADA949D79949C05AF6246CD4A4FE67806F0DA321ABA52C78730741650E0B66F69A3D6D7600CD0E0BDE71CC50E14BD8DB5A714640E6F6D836D68'], 'auth': [''], 'ref': [''], 'amt': [''], 'result': [''], 'udf1': [''], 'udf2': [''], 'udf3': [''], 'udf4': [''], 'udf5': [''], 'udf6': [''], 'udf7': [''], 'udf8': [''], 'udf9': [''], 'udf10': [''], 'postdate': [''], 'avr': [''], 'authRespCode': [''], 'kmsid': ['']}>
ERROR 2025-03-17 02:12:28,199 views 2 130252754163584 Payment error received: {'error_code': 'UNKNOWN_ERROR', 'error_text': 'No error text provided', 'track_id': 'TRK77ADCD32F8AC29E4', 'payment_id': '100507610000000055', 'transaction_id': '', 'amount': '0.00', 'result': '', 'timestamp': '2025-03-17T02:12:28.199503'}
INFO 2025-03-17 02:12:28,226 views 2 130252754163584 Transaction TRK77ADCD32F8AC29E4 updated with error status.
WARNING 2025-03-17 02:12:28,343 log 2 130252754163584 Bad Request: /error/
WARNING 2025-03-17 02:14:23,182 log 2 125421286737792 Not Found: /
INFO 2025-03-17 02:14:27,261 views 2 125421286737792 Received request to initiate payment.
INFO 2025-03-17 02:14:27,262 views 2 125421286737792 Generated track_id: TRK205818CA5B377078
INFO 2025-03-17 02:14:27,288 views 2 125421286737792 Created transaction with ID: 52
INFO 2025-03-17 02:14:27,288 views 2 125421286737792 Prepared KNET request data: {'trackid': 'TRK205818CA5B377078', 'amt': '500.000', 'id': '540801', 'password': '540801pg', 'currencycode': '414', 'langid': 'USA', 'action': '1', 'responseURL': 'https://duelingpayment.eu.pythonanywhere.com/response/', 'errorURL': 'https://duelingpayment.eu.pythonanywhere.com/error/'}
INFO 2025-03-17 02:14:27,292 views 2 125421286737792 Successfully encrypted request data.
INFO 2025-03-17 02:14:27,293 views 2 125421286737792 Generated payment URL: https://kpaytest.com.kw/kpg/PaymentHTTP.htm?param=paymentInit&trandata=0832344B38FA467B908E97F4421AA55029EF5CC5FF07E183BE3EB97CF501FB2007D0AF363F714A6AF69660D2524EE4C1ECEBB21CDB88F4B39AAD97D3D483D07E06840967CC20B70C0C546FEA4707A5022724CBF9034A42B6894F603AB125B05CEF6FDC7B34399C0B5E29DBAAE3F95E29315E5B2670E8517EECB180584D749346772A7C85E30C0847FBC353FB56B4C9EE74EE316B02EAE3417C1D2D4A7CDBA31834E06B5B95C6B1DAA528474687101CDFB6900F39AC06C28A3D533CFBBB838ADD98A9DB90553641E227655F986113AC8771F667B4EA79114B670091E052542B823AC5897BC7FBC5A29B85B4402D9EB010&errorURL=https://duelingpayment.eu.pythonanywhere.com/error/&responseURL=https://duelingpayment.eu.pythonanywhere.com/response/&tranportalId=540801
INFO 2025-03-17 02:15:20,905 views 2 125421286737792 Entering payment_response view
INFO 2025-03-17 02:15:20,906 views 2 125421286737792 Received request at /response/ with content-type: text/html
INFO 2025-03-17 02:15:20,906 views 2 125421286737792 Processing HTML request
INFO 2025-03-17 02:15:20,906 views 2 125421286737792 Received encrypted HTML content: 1F3A26735515A6BB5FAAEFF24F9AC4853A2DC695479E7668D76B8A83E5C1740359FC7F8D486810A8E4CAD3F501F901B5070D088F1FBA56D19606EC2F791DAC2DF79947C58D191BC72C47B8048A4425DDF1700C1F1D9301F5B97D336CF2A91A60084CC235C2B561A2963E65C506AE2B3169A7267D9A7AEAA37200E51256CEC1B99D6DDFCD34C3DC6273D2D80AC749627529D759997E14D09EC2F3344D168D2F5C6779058B8205ECC74A7EF9EE0CFF0A264184D21053C638563941FD286490CCCE5E28BB5613FDF75A0863C11F4081DB393E34C8609843CB1E530FE8F4512CBACA
INFO 2025-03-17 02:15:20,907 views 2 125421286737792 Decrypted HTML content: paymentid=100507610000000068&result=NOT+CAPTURED&auth=000000&avr=N&ref=507610000005&tranid=507610000004861&postdate=0317&trackid=TRK205818CA5B377078&udf1=&udf2=&udf3=&udf4=&udf6=&udf7=&udf8=&udf9=&udf10=&udf5=&amt=500.000&
INFO 2025-03-17 02:15:20,907 views 2 125421286737792 Parsed data: {'paymentid': ['100507610000000068'], 'result': ['NOT CAPTURED'], 'auth': ['000000'], 'avr': ['N'], 'ref': ['507610000005'], 'tranid': ['507610000004861'], 'postdate': ['0317'], 'trackid': ['TRK205818CA5B377078'], 'amt': ['500.000']}
INFO 2025-03-17 02:15:20,908 views 2 125421286737792 Payment ID: 100507610000000068, Result: NOT CAPTURED, Track ID: TRK205818CA5B377078, Amount: 500.000
INFO 2025-03-17 02:15:23,191 views 2 125421286737792 Received request at /error/ with content-type: application/x-www-form-urlencoded
INFO 2025-03-17 02:15:23,192 views 2 125421286737792 Request body: <QueryDict: {'paymentid': ['100507610000000068'], 'trackid': ['TRK205818CA5B377078'], 'tranid': [''], 'trandata': ['1F3A26735515A6BB5FAAEFF24F9AC4853A2DC695479E7668D76B8A83E5C1740359FC7F8D486810A8E4CAD3F501F901B5070D088F1FBA56D19606EC2F791DAC2DF79947C58D191BC72C47B8048A4425DDF1700C1F1D9301F5B97D336CF2A91A60084CC235C2B561A2963E65C506AE2B3169A7267D9A7AEAA37200E51256CEC1B99D6DDFCD34C3DC6273D2D80AC749627529D759997E14D09EC2F3344D168D2F5C6779058B8205ECC74A7EF9EE0CFF0A264184D21053C638563941FD286490CCCE5E28BB5613FDF75A0863C11F4081DB393E34C8609843CB1E530FE8F4512CBACA'], 'auth': [''], 'ref': [''], 'amt': [''], 'result': [''], 'udf1': [''], 'udf2': [''], 'udf3': [''], 'udf4': [''], 'udf5': [''], 'udf6': [''], 'udf7': [''], 'udf8': [''], 'udf9': [''], 'udf10': [''], 'postdate': [''], 'avr': [''], 'authRespCode': [''], 'kmsid': ['']}>
ERROR 2025-03-17 02:15:23,192 views 2 125421286737792 Payment error received: {'error_code': 'UNKNOWN_ERROR', 'error_text': 'No error text provided', 'track_id': 'TRK205818CA5B377078', 'payment_id': '100507610000000068', 'transaction_id': '', 'amount': '0.00', 'result': '', 'timestamp': '2025-03-17T02:15:23.192846'}
INFO 2025-03-17 02:15:23,218 views 2 125421286737792 Transaction TRK205818CA5B377078 updated with error status.
WARNING 2025-03-17 02:15:23,328 log 2 125421286737792 Bad Request: /error/
WARNING 2025-03-17 02:27:20,490 log 2 134903446984576 Not Found: /
INFO 2025-03-17 02:27:24,248 views 2 134903446984576 Received request to initiate payment.
INFO 2025-03-17 02:27:24,251 views 2 134903446984576 Generated track_id: TRKC6C9DBD4EC141D54
INFO 2025-03-17 02:27:24,278 views 2 134903446984576 Created transaction with ID: 53
INFO 2025-03-17 02:27:24,279 views 2 134903446984576 Prepared KNET request data: {'trackid': 'TRKC6C9DBD4EC141D54', 'amt': '500.000', 'id': '540801', 'password': '540801pg', 'currencycode': '414', 'langid': 'USA', 'action': '1', 'responseURL': 'https://duelingpayment.eu.pythonanywhere.com/response/', 'errorURL': 'https://duelingpayment.eu.pythonanywhere.com/error/'}
INFO 2025-03-17 02:27:24,283 views 2 134903446984576 Successfully encrypted request data.
INFO 2025-03-17 02:27:24,285 views 2 134903446984576 Generated payment URL: https://kpaytest.com.kw/kpg/PaymentHTTP.htm?param=paymentInit&trandata=AACD23238D73F942D6F81B01EFA5A5F160837696AFDD6949269DB9DDC43F654C132F7115AF4641872313AB2FA280670C08A0943990752BADE4E054917E4E962FB1F48FDF54212D77145CDB9EEE318EAC37D6EC2CA354C27B9CC5E74005F040BAAFAE5A1CAF6093A8BDF076BF3576E70E47DE0FA55A8A83BF0E6037C3E07B40BAB60DF9FDBE89CCA2C28B5FD3922CF78575D42A66733648640F07ACDD33CA293DC84B9056C590782933EB8A2E6F7A324BA8683B88511A7B0B07519FDC765DFF4B3700024B139EC198A99280157FD6C6086514EEB7441DB0A590F9029DB8C638BF6338717EEA642D864925E7E2F48DC0D1&errorURL=https://duelingpayment.eu.pythonanywhere.com/error/&responseURL=https://duelingpayment.eu.pythonanywhere.com/response/&tranportalId=540801
INFO 2025-03-17 02:28:36,213 views 2 134903446984576 Entering payment_response view
INFO 2025-03-17 02:28:36,214 views 2 134903446984576 Received request at /response/ with content-type: text/html
INFO 2025-03-17 02:28:36,214 views 2 134903446984576 Processing HTML request
INFO 2025-03-17 02:28:36,214 views 2 134903446984576 Received encrypted HTML content: 1F3A26735515A6BB5FAAEFF24F9AC4850246898A4096ECECD1ADD3AE7E539A0E851BBD066906B780AEDDB8C8604DACB06D5ABEB0A3ABA509CD3D06CB5B7ACE890C223B6ABE9FCF3DAA50B512CC93886B30C9C91C120C92CA11FB74E8E088E8E8E8F33EAF432B4C06E36786628D41889DCAC4B0A06B00F6DF8D5B895B0019B51CD2189078321B32592F133342AD90940AE0FE761364A01DAA510C08FD0D3DBBFD6B0A77E2F459001C3E373B1EBA1E871A802EF232D41B01A5BE136A32999B065F34DD641D8DF0C0D5A481BBB19C1568009E7AE7E9F29343DAB02622274FA4715C
INFO 2025-03-17 02:28:36,215 views 2 134903446984576 Decrypted HTML content: paymentid=100507610000000146&result=CAPTURED&auth=B02884&avr=N&ref=507610000012&tranid=507610000011193&postdate=0317&trackid=TRKC6C9DBD4EC141D54&udf1=&udf2=&udf3=&udf4=&udf6=&udf7=&udf8=&udf9=&udf10=&udf5=&amt=500.000&
INFO 2025-03-17 02:28:36,216 views 2 134903446984576 Parsed data: {'paymentid': ['100507610000000146'], 'result': ['CAPTURED'], 'auth': ['B02884'], 'avr': ['N'], 'ref': ['507610000012'], 'tranid': ['507610000011193'], 'postdate': ['0317'], 'trackid': ['TRKC6C9DBD4EC141D54'], 'amt': ['500.000']}
INFO 2025-03-17 02:28:36,216 views 2 134903446984576 Payment ID: 100507610000000146, Result: CAPTURED, Track ID: TRKC6C9DBD4EC141D54, Amount: 500.000
INFO 2025-03-17 02:52:47,396 views 2 134903446984576 Received request to initiate payment.
INFO 2025-03-17 02:52:47,398 views 2 134903446984576 Generated track_id: TRKD3AB610E658E8C21
INFO 2025-03-17 02:52:47,424 views 2 134903446984576 Created transaction with ID: 54
INFO 2025-03-17 02:52:47,425 views 2 134903446984576 Prepared KNET request data: {'trackid': 'TRKD3AB610E658E8C21', 'amt': '500.000', 'id': '540801', 'password': '540801pg', 'currencycode': '414', 'langid': 'USA', 'action': '1', 'responseURL': 'https://duelingpayment.eu.pythonanywhere.com/response/', 'errorURL': 'https://duelingpayment.eu.pythonanywhere.com/error/'}
INFO 2025-03-17 02:52:47,426 views 2 134903446984576 Successfully encrypted request data.
INFO 2025-03-17 02:52:47,426 views 2 134903446984576 Generated payment URL: https://kpaytest.com.kw/kpg/PaymentHTTP.htm?param=paymentInit&trandata=2FF693E90A0ED3E5735379307E20524BD29F3D5F3B673862E9F778F214700A3DE60443A22F36442B74EA199EC30A37B61A6479D965B4102C795BB9F3030167746BBEE5A2F53C29EE2CFAA8E3EF842C1D4369222F058BE51B04F8F212625EF29D351156BC508E8E8DC5F92D66F9D2F322E82F6F68AF399644690A35990731B900440230E84026E3C61F3DA01A7FD955165E937CD8A3DEAA9A56E870DCA7DF9A16384780CEDB85E4E0A13B05D2622D87F5160C2F5CB980EA78620F02157491FB4F7183E3F505767A47FC409BC9B051F3D6356CD7102F405A11FB044BEAC33A5FAB3A4C06DD7E359A2B926C57529898ACDF&errorURL=https://duelingpayment.eu.pythonanywhere.com/error/&responseURL=https://duelingpayment.eu.pythonanywhere.com/response/&tranportalId=540801
INFO 2025-03-17 02:53:35,845 views 2 134903446984576 Entering payment_response view
INFO 2025-03-17 02:53:35,845 views 2 134903446984576 Received request at /response/ with content-type: text/html
INFO 2025-03-17 02:53:35,846 views 2 134903446984576 Processing HTML request
INFO 2025-03-17 02:53:35,846 views 2 134903446984576 Received encrypted HTML content: 1F3A26735515A6BB5FAAEFF24F9AC485E9C0B6F95E39856C6D67E788BB2FD9777B569E53133DD61AD7DAC5341B630786AE0414ED41035154121281CE7772301DEC4FECE6D103C39AAE17691101D3AD24E0039611BC808F634AA7CB5F84E305F128FBF26E23CE142EEC7B4834819F3A91BE73D827DF34FE22276688B13297B757596261B02BAAC9E1E308A562F21AB7F2CAA8D143E5C93C05B02B3CD2E4ECA8C9916AC7B59ADB958CB1E372C1898466581BE16B009A19B56A215B4E9C597E5BA3C91E1F312B34EFEF238A656D87206F7073419E123C811C6C87C6665313EF9CEC
INFO 2025-03-17 02:53:35,847 views 2 134903446984576 Decrypted HTML content: paymentid=100507610000000211&result=CAPTURED&auth=B05383&avr=N&ref=507610000017&tranid=507610000020808&postdate=0317&trackid=TRKD3AB610E658E8C21&udf1=&udf2=&udf3=&udf4=&udf6=&udf7=&udf8=&udf9=&udf10=&udf5=&amt=500.000&
INFO 2025-03-17 02:53:35,847 views 2 134903446984576 Parsed data: {'paymentid': ['100507610000000211'], 'result': ['CAPTURED'], 'auth': ['B05383'], 'avr': ['N'], 'ref': ['507610000017'], 'tranid': ['507610000020808'], 'postdate': ['0317'], 'trackid': ['TRKD3AB610E658E8C21'], 'amt': ['500.000']}
INFO 2025-03-17 02:53:35,848 views 2 134903446984576 Payment ID: 100507610000000211, Result: CAPTURED, Track ID: TRKD3AB610E658E8C21, Amount: 500.000
WARNING 2025-03-17 03:35:13,048 log 2 127526813874048 Not Found: /
INFO 2025-03-17 03:35:17,807 views 2 127526813874048 Received request to initiate payment.
INFO 2025-03-17 03:35:17,808 views 2 127526813874048 Generated track_id: TRKA190CD7B627F6FE8
INFO 2025-03-17 03:35:17,834 views 2 127526813874048 Created transaction with ID: 55
ERROR 2025-03-17 03:35:17,835 views 2 127526813874048 Payment initiation error: create_knet_request_data() got an unexpected keyword argument 'udf1'
Traceback (most recent call last):
  File "/home/duelingpayment/dueling_payment/knet/views.py", line 55, in post
    payment_data = create_knet_request_data(
TypeError: create_knet_request_data() got an unexpected keyword argument 'udf1'
ERROR 2025-03-17 03:35:17,837 log 2 127526813874048 Internal Server Error: /initiate/
WARNING 2025-03-17 03:38:24,427 log 2 132465262442368 Not Found: /
INFO 2025-03-17 03:38:31,439 views 2 132465262442368 Received request to initiate payment.
INFO 2025-03-17 03:38:31,440 views 2 132465262442368 Generated track_id: TRK4781931608881666
INFO 2025-03-17 03:38:31,470 views 2 132465262442368 Created transaction with ID: 56
INFO 2025-03-17 03:38:31,470 views 2 132465262442368 Prepared KNET request data: {'trackid': 'TRK4781931608881666', 'amt': '500.000', 'id': '540801', 'password': '540801pg', 'currencycode': '414', 'langid': 'EN', 'action': '1', 'responseURL': 'https://duelingpayment.eu.pythonanywhere.com/response/', 'errorURL': 'https://duelingpayment.eu.pythonanywhere.com/error/', 'udf1': '', 'udf2': '', 'udf3': '', 'udf4': '', 'udf5': ''}
INFO 2025-03-17 03:38:31,474 views 2 132465262442368 Successfully encrypted request data.
INFO 2025-03-17 03:38:31,475 views 2 132465262442368 Generated payment URL: https://kpaytest.com.kw/kpg/PaymentHTTP.htm?param=paymentInit&trandata=2ACD01144B465FAFEEAD9B188347BF27EE61A37D869BB21C61143CAD35584EA69BF19C425B682ACF1858A22C0A53434E1572F2133036E4796357061A6FFED54D64A9545D1BE84B33999F58BF16638146367E415216955EC7B631B7D1C85557F024A911749A3D386B890015056DF4537F79C8F5EFF8784723697DF88677AA6B2269F508D50FB9CB204D2CD915791D7253BE5EF8EA77CB1E7C3B9EFEB923C45064F089EB7C3621F7E0881E3D5BCA85708AEB93174B589422BE9AB97B559342BBE992418CDF19D8AC41746EDF897505C69208A6078E073DFAB2507D93B4F623455C5E751FA9BF93AECAEFFDF85A763AC12CCEC931CCC70179DCBD0DAE9932A6BA57FCEC6469AB4CD4DA1C557B608992EEF4&errorURL=https://duelingpayment.eu.pythonanywhere.com/error/&responseURL=https://duelingpayment.eu.pythonanywhere.com/response/&tranportalId=540801
INFO 2025-03-17 03:39:20,910 views 2 132465262442368 Entering payment_response view
INFO 2025-03-17 03:39:20,911 views 2 132465262442368 Received request at /response/ with content-type: text/html
INFO 2025-03-17 03:39:20,911 views 2 132465262442368 Processing HTML request
INFO 2025-03-17 03:39:20,912 views 2 132465262442368 Received encrypted HTML content: 1F3A26735515A6BB5FAAEFF24F9AC48522CB131AB4761A134C3F0C71BDB037E03EFDC7374F9C54BDE54442D071CEB2F34CD4D2735312431AD5F43C67619EB6D468BDE6A69386AFC6279A3C827F2E7E78AD1F06D739579EFA10A9864D54B50D09D458CA3C5C950C3E5201EEC8E9A8F3CBB1D3890A7B05DBC7F34500650C189DD6399C87739DB69CCF94DA2DDBAD3B0338F4DE8F9DD661D5FF20EF8FC1FBCE026E6E2D3010DE58B04BFCB9C7B8AC11CEECD1D9EFCB97114402E66DF1F4C17B5C02500CCA75EBC97092A46B5BAAC7B31852AF86CDC8CF889CA14E6F85CEF299D604
INFO 2025-03-17 03:39:20,913 views 2 132465262442368 Decrypted HTML content: paymentid=100507610000000253&result=CAPTURED&auth=B13969&avr=N&ref=507610000020&tranid=507610000038936&postdate=0317&trackid=TRK4781931608881666&udf1=&udf2=&udf3=&udf4=&udf6=&udf7=&udf8=&udf9=&udf10=&udf5=&amt=500.000&
INFO 2025-03-17 03:39:20,913 views 2 132465262442368 Parsed data: {'paymentid': ['100507610000000253'], 'result': ['CAPTURED'], 'auth': ['B13969'], 'avr': ['N'], 'ref': ['507610000020'], 'tranid': ['507610000038936'], 'postdate': ['0317'], 'trackid': ['TRK4781931608881666'], 'amt': ['500.000']}
INFO 2025-03-17 03:39:20,914 views 2 132465262442368 Payment ID: 100507610000000253, Result: CAPTURED, Track ID: TRK4781931608881666, Amount: 500.000
WARNING 2025-03-17 03:51:56,555 log 2 128977313503104 Not Found: /
WARNING 2025-03-17 03:52:01,012 log 2 128977313503104 Not Found: /
WARNING 2025-03-17 04:03:04,489 log 2 128977313503104 Not Found: /receipt/
WARNING 2025-03-17 04:03:18,839 log 2 130509694400384 Not Found: /
WARNING 2025-03-17 04:03:21,735 log 2 130509694400384 Not Found: /receipt/
WARNING 2025-03-17 04:03:35,828 log 2 130509694400384 Not Found: /receipt/
WARNING 2025-03-17 04:05:19,512 log 2 133065667381120 Not Found: /
INFO 2025-03-17 04:05:41,921 views 2 133065667381120 Received request to initiate payment.
INFO 2025-03-17 04:05:41,922 views 2 133065667381120 Generated track_id: TRK29E07FC34FD59C42
INFO 2025-03-17 04:05:41,949 views 2 133065667381120 Created transaction with ID: 57
INFO 2025-03-17 04:05:41,949 views 2 133065667381120 Prepared KNET request data: {'trackid': 'TRK29E07FC34FD59C42', 'amt': '500.000', 'id': '540801', 'password': '540801pg', 'currencycode': '414', 'langid': 'EN', 'action': '1', 'responseURL': 'https://duelingpayment.eu.pythonanywhere.com/response/', 'errorURL': 'https://duelingpayment.eu.pythonanywhere.com/error/', 'udf1': '', 'udf2': '', 'udf3': '', 'udf4': '', 'udf5': ''}
INFO 2025-03-17 04:05:41,954 views 2 133065667381120 Successfully encrypted request data.
INFO 2025-03-17 04:05:41,954 views 2 133065667381120 Generated payment URL: https://kpaytest.com.kw/kpg/PaymentHTTP.htm?param=paymentInit&trandata=E1CEEA9644B8A38988479F5EF228B42ED5A8FC872834DA0714AF2FBE15C7A5284DE5A7AC386351C61D7C9A6EE6617E1225AD195CE042DDE6FF54839F7EE92CC714B00ECBB200486D035E01B8B5AA83CC0EAF46A2C814E8B9571B8216A00ED931502A5A0A93A16C8D3CDA4E6410D97B6A19B2A4E271E738225361A9FBA1CABC6BBFE873C6AAE37203450034E65097D588228EC1364C1FA93BE7AF9F1836260447D839EC97DB4471662B49B2BFA1E360DD19E37A0D364AEDF01FFA5BA398A10E7F75706F6EFF80CE0A6971CC469EEE2E449BE360D64F9CC5FEEB3EA5CD6213A60D017773001A33D59207D947DDE7A7D6581EDEAB056B8D8AC7CB05F017FECD25456CF811843A4CA5FDEA47ED4C2631EE65&errorURL=https://duelingpayment.eu.pythonanywhere.com/error/&responseURL=https://duelingpayment.eu.pythonanywhere.com/response/&tranportalId=540801
INFO 2025-03-17 04:06:31,171 views 2 133065667381120 Received payment response from KNET.
ERROR 2025-03-17 04:06:31,172 views 2 133065667381120 Missing trandata in payment response.
WARNING 2025-03-17 04:06:31,172 log 2 133065667381120 Bad Request: /response/
WARNING 2025-03-17 04:14:39,319 log 2 124697654200192 Not Found: /
INFO 2025-03-17 04:14:45,144 views 2 124697654200192 Received request to initiate payment.
INFO 2025-03-17 04:14:45,145 views 2 124697654200192 Generated track_id: TRK15AC35270918DAFE
INFO 2025-03-17 04:14:45,187 views 2 124697654200192 Created transaction with ID: 58
INFO 2025-03-17 04:14:45,188 views 2 124697654200192 Prepared KNET request data: {'trackid': 'TRK15AC35270918DAFE', 'amt': '500.000', 'id': '540801', 'password': '540801pg', 'currencycode': '414', 'langid': 'EN', 'action': '1', 'responseURL': 'https://duelingpayment.eu.pythonanywhere.com/response/', 'errorURL': 'https://duelingpayment.eu.pythonanywhere.com/error/', 'udf1': '', 'udf2': '', 'udf3': '', 'udf4': '', 'udf5': ''}
INFO 2025-03-17 04:14:45,193 views 2 124697654200192 Successfully encrypted request data.
INFO 2025-03-17 04:14:45,194 views 2 124697654200192 Generated payment URL: https://kpaytest.com.kw/kpg/PaymentHTTP.htm?param=paymentInit&trandata=6524A73E2DAF82ABDAC759AFDA4A9309414005A1AAC37432C7E32C79C96C99D278A4A0760DD75016CF73E25A636F861DDFC8ACBD9814381EE9CE3EFA50084701060885BAD9FB97BD2D0089803141D1678A7AFF321BAD93B14393D4A64054228BF0A2DA3EEC3762DF93FE89C16B147C3349DD74C3ACF69211E8D02AB5334427FEBDBEDBA40E17E3E4817B513004D8E7572AD8187721EA6B59B8F3E8D2EF1D33981DEF3E691E5B75CB283F555F924545F4B7350DE3A49AB591F89C88FD3AB8C0677BA01F06B7F7BB1C4D8ACF6C20603CA1083E985AA3B4DA10DE887A065697094D98227FF33FDB7F038569C7C21B4FCB4BD97306BD570112276826DFDB00C3858B06C417525925CADC7588104CD1E25C32&errorURL=https://duelingpayment.eu.pythonanywhere.com/error/&responseURL=https://duelingpayment.eu.pythonanywhere.com/response/&tranportalId=540801
INFO 2025-03-17 04:15:38,918 views 2 124697654200192 Received payment response from KNET.
INFO 2025-03-17 04:15:38,919 views 2 124697654200192 Received request at /response/ with content-type: text/html
INFO 2025-03-17 04:15:38,919 views 2 124697654200192 Raw request body: 1F3A26735515A6BB5FAAEFF24F9AC485FBC918E51FE07FCC9969F55717B4C6BBCA9CEF2E12693885CBE40C85380D698AEA3D27A7A40413D4A74C7EBF283A34DAA629A35E1F21CC114F2DDD058E55E5C5C5A1D0A73DFEC55DEF4EABA4F71A3FA72B0E60C1B254B2502363B6CB855FF34AE83228AFED4E76BBEFBD2E503ABAC61AC46290F96822AC768B3205631C1843997D09CC21F9967000EB2B9FE8B20C7284059BE7DC816E7D379EF0B10044111CB9534A62B570D3336535704D055CB48DFC5C1C9237374AE7186FADDBF29C61A44A35983FA1285507B2B0376FFC06884DAE
INFO 2025-03-17 04:15:38,920 views 2 124697654200192 Parsed request data: {}
ERROR 2025-03-17 04:15:38,920 views 2 124697654200192 Missing trandata in payment response.
WARNING 2025-03-17 04:15:38,921 log 2 124697654200192 Bad Request: /response/
WARNING 2025-03-17 04:19:25,089 log 2 132881228683136 Not Found: /
INFO 2025-03-17 04:19:28,794 views 2 132881228683136 Received request to initiate payment.
INFO 2025-03-17 04:19:28,796 views 2 132881228683136 Generated track_id: TRKF032FAC6A3AEF66A
INFO 2025-03-17 04:19:28,824 views 2 132881228683136 Created transaction with ID: 59
INFO 2025-03-17 04:19:28,825 views 2 132881228683136 Prepared KNET request data: {'trackid': 'TRKF032FAC6A3AEF66A', 'amt': '500.000', 'id': '540801', 'password': '540801pg', 'currencycode': '414', 'langid': 'EN', 'action': '1', 'responseURL': 'https://duelingpayment.eu.pythonanywhere.com/response/', 'errorURL': 'https://duelingpayment.eu.pythonanywhere.com/error/', 'udf1': '', 'udf2': '', 'udf3': '', 'udf4': '', 'udf5': ''}
INFO 2025-03-17 04:19:28,829 views 2 132881228683136 Successfully encrypted request data.
INFO 2025-03-17 04:19:28,829 views 2 132881228683136 Generated payment URL: https://kpaytest.com.kw/kpg/PaymentHTTP.htm?param=paymentInit&trandata=92C07DB4424558E6D4E06FE23DE5DCFEA50D778A3FCA916F13E4EDD0EE365CC5F2B524A17B31F4F5733915A10091ABFD450EB3D31A30BA51AD0849993F40DC57EBF78FB693E9AB651F10CC10D6EFDD632A7300B300AD1EF96CFC39467A4EDE23562120D54CB21131A0DC67756CBEE64F88952D83D01369E424412692E5268C4F76AB06065044BADFADC9396969D6A9686B1B3D90A639907F2AA5B290D4AB849AF83CC738A43E38DBFD562BC37D009451DCF649CF38C2F1D280B81CF67E8DE7F3B82D210221905E76511A703945B72FC811F83DEFF3606842231D9A9653D462DCCF612951D91416218B4C5E518080B4F44DDB16434C0F0196A87C260B1A600CAE8E16BCFC8B3BA08B087FD6E0051A0ACE&errorURL=https://duelingpayment.eu.pythonanywhere.com/error/&responseURL=https://duelingpayment.eu.pythonanywhere.com/response/&tranportalId=540801
INFO 2025-03-17 04:20:19,729 views 2 132881228683136 Received payment response from KNET.
INFO 2025-03-17 04:20:19,729 views 2 132881228683136 Received request at /response/ with content-type: text/html
INFO 2025-03-17 04:20:19,734 views 2 132881228683136 Raw request body: 1F3A26735515A6BB5FAAEFF24F9AC4859EB64C17199553E57F7DEDF70F5585E265A02D2A087F6794F7A58F4E50F7EB350832E74C49C45635644498DA7E8C33FCB6CADB72F92C1C00E9DFFC0BF0D9DFA977EFEB7F379915C9F736E670A97CA05D4C825A4CC1DD1495B158259DCDCA350BA832BED6CA59D31893A8533BD2C068E43231AD8A4AA3125C843DD45CBA855DC71A36ED349D03DD80AA525CED17478751A4915498DE13AE85002DD939E576532939FE1AF5EA625994E4DE40D54BF85208FD65E66644B767738D9A6912C137A345216F9955EB6278C1716E6E8C54ACBB73
INFO 2025-03-17 04:20:19,735 views 2 132881228683136 Parsed request data: {}
ERROR 2025-03-17 04:20:19,735 views 2 132881228683136 Missing trandata in payment response.
WARNING 2025-03-17 04:20:19,735 log 2 132881228683136 Bad Request: /response/
WARNING 2025-03-17 04:20:45,918 log 2 139057367472000 Not Found: /
INFO 2025-03-17 04:20:54,510 views 2 139057367472000 Received request to initiate payment.
INFO 2025-03-17 04:20:54,511 views 2 139057367472000 Generated track_id: TRK83D09060EC6A6218
INFO 2025-03-17 04:20:54,539 views 2 139057367472000 Created transaction with ID: 60
INFO 2025-03-17 04:20:54,539 views 2 139057367472000 Prepared KNET request data: {'trackid': 'TRK83D09060EC6A6218', 'amt': '500.000', 'id': '540801', 'password': '540801pg', 'currencycode': '414', 'langid': 'EN', 'action': '1', 'responseURL': 'https://duelingpayment.eu.pythonanywhere.com/response/', 'errorURL': 'https://duelingpayment.eu.pythonanywhere.com/error/', 'udf1': '', 'udf2': '', 'udf3': '', 'udf4': '', 'udf5': ''}
INFO 2025-03-17 04:20:54,544 views 2 139057367472000 Successfully encrypted request data.
INFO 2025-03-17 04:20:54,544 views 2 139057367472000 Generated payment URL: https://kpaytest.com.kw/kpg/PaymentHTTP.htm?param=paymentInit&trandata=4C076853AB96D93A595594292C9F10C7CB66603F1E7FDF45E4C99BB5E9B52142DF53C8383BCC38C81606BEE9D47FEFCEBBF7206393CA07C771384F6141A596EE2B0E17D748751DA40B9643E74D217A750CA7CA44751678C70EE6A35F3ADF09814F4D8E8B74336AF5B544D82544CA864CD19E3704B3DB76261CE71733C8AF035C7AF12FF9662BDD8171BD2005A14F4D4C5F59C5F1B23371DC7D97B8C79582771819C07BF4C3615F194BE753A9865F3E4A1ECD860CFC26D9EAFE1B8E260717AC3CEEB79260AFCE24018EBF6A339150063C92180D04A2D06E89BB94B17AE74C88549C8E22E10B9F04DE990AE4143A3816040404430718F17AB405E576AD5B49CD182F7FD3A893B88B674E737F82D48AF08B&errorURL=https://duelingpayment.eu.pythonanywhere.com/error/&responseURL=https://duelingpayment.eu.pythonanywhere.com/response/&tranportalId=540801
INFO 2025-03-17 04:21:40,426 views 2 139057367472000 Received payment response from KNET.
INFO 2025-03-17 04:21:40,427 views 2 139057367472000 Received request at /response/ with content-type: text/html
INFO 2025-03-17 04:21:40,427 views 2 139057367472000 Raw request body: 1F3A26735515A6BB5FAAEFF24F9AC4859F25E1635B4BC072E02AAA7EF5E433603F0F87E355E064A5395ED2F9947054B12C91609141ADDB2A8F0FEE2FD972E71D665EFE750F0DC55B8853E43A7EB204E431D52B7ACEE84AA47DF6E80156A932A8CE398E7F775A382B843E89F2C110501A5EAF63929F308608553FABD141B5315921BE72206B8B8C3A57B3CD03A423F7BA9F526B8C99CDB5CD7ECF7A20D4634F180F53AF4799424C9F7A2B2D8D4ADD77FAB3D196053C6BDA45A33A506F1ED828866059FB102A6FF5A15BDBF9DA0EE81EB602491E07176BF4FAE18F65BE6BF2D994
INFO 2025-03-17 04:21:40,427 views 2 139057367472000 Processing HTML request
INFO 2025-03-17 04:21:40,428 views 2 139057367472000 Decrypted trandata: paymentid=100507610000000397&result=CAPTURED&auth=B22188&avr=N&ref=507610000029&tranid=507610000048641&postdate=0317&trackid=TRK83D09060EC6A6218&udf1=&udf2=&udf3=&udf4=&udf6=&udf7=&udf8=&udf9=&udf10=&udf5=&amt=500.000&
INFO 2025-03-17 04:21:40,429 views 2 139057367472000 Parsed response data: {'paymentid': ['100507610000000397'], 'result': ['CAPTURED'], 'auth': ['B22188'], 'avr': ['N'], 'ref': ['507610000029'], 'tranid': ['507610000048641'], 'postdate': ['0317'], 'trackid': ['TRK83D09060EC6A6218'], 'amt': ['500.000']}
INFO 2025-03-17 04:21:40,429 views 2 139057367472000 Payment ID: 100507610000000397, Result: CAPTURED, Track ID: TRK83D09060EC6A6218, Amount: 500.000
INFO 2025-03-17 04:21:40,460 views 2 139057367472000 Transaction TRK83D09060EC6A6218 updated with payment response.
WARNING 2025-03-17 04:21:42,623 log 2 139057367472000 Forbidden (Referer checking failed - https://kpaytest.com.kw/ does not match any trusted origins.): /receipt/
WARNING 2025-03-17 04:23:35,584 log 2 136686344681344 Not Found: /
WARNING 2025-03-18 00:06:18,975 log 2 136686344681344 Method Not Allowed: /initiate/
WARNING 2025-03-18 00:07:08,323 log 2 136686344681344 Method Not Allowed: /initiate/
WARNING 2025-03-18 00:07:10,122 log 2 136686344681344 Not Found: /favicon.ico
WARNING 2025-03-18 00:07:10,942 log 2 136686344681344 Method Not Allowed: /initiate/
WARNING 2025-03-18 00:07:11,756 log 2 136686344681344 Not Found: /favicon.ico
INFO 2025-03-18 00:07:27,370 views 2 136686344681344 Received request to initiate payment.
INFO 2025-03-18 00:07:27,383 views 2 136686344681344 Generated track_id: TRK616D1506AFA7380C
INFO 2025-03-18 00:07:27,477 views 2 136686344681344 Created transaction with ID: 61
INFO 2025-03-18 00:07:27,479 views 2 136686344681344 Prepared KNET request data: {'trackid': 'TRK616D1506AFA7380C', 'amt': '500.000', 'id': '540801', 'password': '540801pg', 'currencycode': '414', 'langid': 'EN', 'action': '1', 'responseURL': 'https://duelingpayment.eu.pythonanywhere.com/response/', 'errorURL': 'https://duelingpayment.eu.pythonanywhere.com/error/', 'udf1': '', 'udf2': '', 'udf3': '', 'udf4': '', 'udf5': ''}
INFO 2025-03-18 00:07:27,516 views 2 136686344681344 Successfully encrypted request data.
INFO 2025-03-18 00:07:27,516 views 2 136686344681344 Generated payment URL: https://kpaytest.com.kw/kpg/PaymentHTTP.htm?param=paymentInit&trandata=E7203737B0AB5F243092D2B6EE0AFD953DEF5AD199D92A44A940401A1CDD1804DD5B5BAC9BEA99D0642365A1496E48580876D06C24B335DD367CE847B13046903E361F9BC04A9344CFD5146E1CF3B33BF79A05AC81D35FA201AB81D0C626BDA77117824E1F80FF8CC2DAE1A3C7757982C53E7DE03AA14D6519C64FA06DED0804CEE2D7A7EFC8DD4C61621A1A217B97B520CB4D7A3964F86937AEC7D7A573D15A84AF5C6EF96252E491F1FC355D01A800BC375108B2CE125FDAE044CFBA97113F431095FFD6663A6EC413283DF7F7003E231E6D1F74B121E123CB07DE3205C956C730B8E1FE6128808DD4D0F8DC0F7BCED6944D9735EB67565F415FE13F497237FA751F37CACAC31374E3053A5FDA9CDA&errorURL=https://duelingpayment.eu.pythonanywhere.com/error/&responseURL=https://duelingpayment.eu.pythonanywhere.com/response/&tranportalId=540801
WARNING 2025-03-18 01:11:00,746 log 2 136686344681344 Not Found: /
WARNING 2025-03-18 01:11:00,979 log 2 136686344681344 Not Found: /favicon.ico
WARNING 2025-03-18 01:13:47,832 log 2 127931779889024 Not Found: /
WARNING 2025-03-21 05:04:08,340 log 2 140690892928896 Not Found: /
INFO 2025-03-21 05:04:53,302 views 2 140690892928896 Received request to initiate payment.
INFO 2025-03-21 05:04:53,303 views 2 140690892928896 Generated track_id: TRKEAA27B8F58E521D2
INFO 2025-03-21 05:04:53,336 views 2 140690892928896 Created transaction with ID: 62
INFO 2025-03-21 05:04:53,336 views 2 140690892928896 Prepared KNET request data: {'trackid': 'TRKEAA27B8F58E521D2', 'amt': '500.000', 'id': '540801', 'password': '540801pg', 'currencycode': '414', 'langid': 'EN', 'action': '1', 'responseURL': 'https://duelingpayment.eu.pythonanywhere.com/response/', 'errorURL': 'https://duelingpayment.eu.pythonanywhere.com/error/', 'udf1': '', 'udf2': '', 'udf3': '', 'udf4': '', 'udf5': 'user_id:12345,tournament_id:67890'}
INFO 2025-03-21 05:04:53,339 views 2 140690892928896 Successfully encrypted request data.
INFO 2025-03-21 05:04:53,339 views 2 140690892928896 Generated payment URL: https://kpaytest.com.kw/kpg/PaymentHTTP.htm?param=paymentInit&trandata=75642EA8A86C72FF7FC6955014B23B141DA24310BB43D50123118A75A78691572B51D1FE652EFEC5C95A6CBD9A4B84794AD3D54B532B0B02CE54F9867E9F65A1463941C1CD9E0B318A2CF270D0FB0BFD6ED031CDB14CA4190992864509711808803199A6D0E2765978709A1F4FA298D7B4FD1964240AD3A6B65498A20321D7B0F88A552EA548B5C198E391B7E8349516828857D677EFBF42171D65CB58C9D8B1B84F79526DD40992E0B3B59694E092E82B8F1524B73706AF1173DE7956E67C6FEFD1AA7A59758772274292A95415D96B31AA533100C0CF6CA95F1261F4660B7E1D6735CCD2679679A3760D0C178E036CF5E4F7ACE800AF74FA3803E0FCC6698CF9BEF99E03E6F3845BB112E9DDD9D996250BEB534FC2F6224DD096E75A9D8FF48D6E2674B148A03599DD94656853A2A1&errorURL=https://duelingpayment.eu.pythonanywhere.com/error/&responseURL=https://duelingpayment.eu.pythonanywhere.com/response/&tranportalId=540801
WARNING 2025-03-21 05:05:29,981 log 2 140690892928896 Method Not Allowed: /error/
WARNING 2025-03-21 05:05:30,532 log 2 140690892928896 Not Found: /favicon.ico
WARNING 2025-03-21 05:08:15,133 log 2 129172057151360 Not Found: /
INFO 2025-03-21 05:08:37,141 views 2 129172057151360 Received request to initiate payment.
INFO 2025-03-21 05:08:37,143 views 2 129172057151360 Generated track_id: TRK4FAD85E97D11E86E
INFO 2025-03-21 05:08:37,172 views 2 129172057151360 Created transaction with ID: 63
INFO 2025-03-21 05:08:37,172 views 2 129172057151360 Prepared KNET request data: {'trackid': 'TRK4FAD85E97D11E86E', 'amt': '500.000', 'id': '540801', 'password': '540801pg', 'currencycode': '414', 'langid': 'EN', 'action': '1', 'responseURL': 'https://duelingpayment.eu.pythonanywhere.com/response/', 'errorURL': 'https://duelingpayment.eu.pythonanywhere.com/error/', 'udf1': '', 'udf2': '', 'udf3': '', 'udf4': '', 'udf5': 'user_id:12345,tournament_id:67890'}
INFO 2025-03-21 05:08:37,176 views 2 129172057151360 Successfully encrypted request data.
INFO 2025-03-21 05:08:37,176 views 2 129172057151360 Generated payment URL: https://kpaytest.com.kw/kpg/PaymentHTTP.htm?param=paymentInit&trandata=3463C8FFC99BB013BF24406C225524730C5A911135D9F58362AF7BA14C4026D0B3DFE2D461071DCB6E7A37D6782F776F92546EFBB0B8671C73F7F0C79F1707D734BCE90ADDA4B2037DC22EB7A5C9582A20BC18DBC542759E918BEE756FC3A2E2B588D9A6D1069E0BC6F1C43BC47FB908329AFF8CB2DEAC278384CDC8091B7EE89F98311E0CE4C46510C2452D0A37DF194EDBBD7021A29963B787F66DDB3124ECF728556BC4E339E8839A56EDE7FD7BA223F459C2850BE0AC48365F2DE15B39D42FE59DEF2F5D2B3D9468A25383444B8EF509D81C3DD3D92D158295E43F4900EBE31587BEA81150C2D0F5670F8FBD5C1D232E5716358288F430F930EFA157D4D7C9BD7A67CE3AEB429617E5DB925AC04584CD7E394CAB5EFF81494DC39AC09480847BB35BF87247BE056FC17598037940&errorURL=https://duelingpayment.eu.pythonanywhere.com/error/&responseURL=https://duelingpayment.eu.pythonanywhere.com/response/&tranportalId=540801
WARNING 2025-03-21 05:08:56,803 log 2 129172057151360 Method Not Allowed: /error/
WARNING 2025-03-21 05:16:47,190 log 2 129855849338752 Not Found: /
INFO 2025-03-21 05:17:11,296 views 2 129855849338752 Received request to initiate payment.
INFO 2025-03-21 05:17:11,298 views 2 129855849338752 Generated track_id: TRKADB381E9E3FF94B4
INFO 2025-03-21 05:17:11,326 views 2 129855849338752 Created transaction with ID: 64
INFO 2025-03-21 05:17:11,326 views 2 129855849338752 Prepared KNET request data: {'trackid': 'TRKADB381E9E3FF94B4', 'amt': '500.000', 'id': '540801', 'password': '540801pg', 'currencycode': '414', 'langid': 'EN', 'action': '1', 'responseURL': 'https://duelingpayment.eu.pythonanywhere.com/response/', 'errorURL': 'https://duelingpayment.eu.pythonanywhere.com/error/', 'udf1': '', 'udf2': '', 'udf3': '', 'udf4': '', 'udf5': 'eyJ1c2VyX2lkIjogIjEyMzQ1IiwgInRvdXJuYW1lbnRfaWQiOiAiNjc4OTAifQ=='}
INFO 2025-03-21 05:17:11,332 views 2 129855849338752 Successfully encrypted request data.
INFO 2025-03-21 05:17:11,333 views 2 129855849338752 Generated payment URL: https://kpaytest.com.kw/kpg/PaymentHTTP.htm?param=paymentInit&trandata=DBC23BCD882CA2C223841B48955874E942E170D82E9729F8FC9547E88AF872EDDDDEF779B898CB3FF967AF2A4F7591902C1DFF0321460BABDE1B44BE4D565FFE11E1A0CF9D3D2D3AB4D6199354FFC05EB5C77982AC9EF15AC3D4CC345593539C65702AEC9948AE6A62C940F4F09FA2DE70AA23A9E074ADB66AC3D81878620C441E370AFCEE9746A3DB063A43C2F1D02EC92D0983C1FF840140308892DC48CF5C3DE7391B657DA79FB31474BE9F86D9F0F5CB0C653123A1986BD5E35D38A7099E4F081442A0777E678756E95F61AA186E0806489AE54B12363C123FF68B8AE5BF07CA97C0CB3DD6425024AF86753F7F6426D357A3CA0FC3F3606A8E8EB327B468BB74A617BF93C08D5ABDFF37327CD59C9A526F70B2184ADB0ACAF72DD7CDAE60D169D9BEF9045C1B7F6CDFEC3EBF8B94A2E1F8A7F3A9522CB4C32549A0D69520E7882887F4ABC6D070F54BAE5BD13076&errorURL=https://duelingpayment.eu.pythonanywhere.com/error/&responseURL=https://duelingpayment.eu.pythonanywhere.com/response/&tranportalId=540801
INFO 2025-03-21 05:18:29,956 views 2 129855849338752 Received payment response from KNET.
INFO 2025-03-21 05:18:29,958 views 2 129855849338752 Received request at /response/ with content-type: text/html
INFO 2025-03-21 05:18:29,959 views 2 129855849338752 Raw request body: 813F3F5793D31B3918B9C75A007929BA21E724E0D0490BF149B66B28736CCA07A2D73CF0AF74F303B15AA469358623B1DA508F2F2690CF2A65EBC1C228BB9FAB933495B81E7118B9154B11B2AD3453562A335EDD421038E5AD2B8A17D20F10B826A3B3D13F5FCBD00790E8BC3C3131B6101D8EA62B9B0114B5E7DCF3FA4E3746DFF8D2F6700BE05E542771D8F2616CDD02F65BF72C9E1DC0F8578A3C676AB9E1DA9799827737D9A276369C62314AB43D04AF6606A068D39A83F2B225B91051193555C0147090613713D2B0706C97E8C5D8E7A260A65EA0A06922B5727F537F1DC32B603D93C94DF69DB55D18DB934623915443D6AD76B3C3C330443828B6A80EEDB9722EDC64965A5A9916BC1333B4E8E9076C9D73E8B3FBC7030DCB3249C841
INFO 2025-03-21 05:18:29,959 views 2 129855849338752 Processing HTML request
INFO 2025-03-21 05:18:29,961 views 2 129855849338752 Decrypted trandata: paymentid=100508010000000741&result=CAPTURED&auth=B31878&avr=N&ref=508010000037&tranid=508010000175839&postdate=0321&trackid=TRKADB381E9E3FF94B4&udf1=&udf2=&udf3=&udf4=&udf6=&udf7=&udf8=&udf9=&udf10=&udf5=eyJ1c2VyX2lkIjogIjEyMzQ1IiwgInRvdXJuYW1lbnRfaWQiOiAiNjc4OTAifQ%3D%3D&amt=500.000&
INFO 2025-03-21 05:18:29,962 views 2 129855849338752 Parsed response data: {'paymentid': ['100508010000000741'], 'result': ['CAPTURED'], 'auth': ['B31878'], 'avr': ['N'], 'ref': ['508010000037'], 'tranid': ['508010000175839'], 'postdate': ['0321'], 'trackid': ['TRKADB381E9E3FF94B4'], 'udf5': ['eyJ1c2VyX2lkIjogIjEyMzQ1IiwgInRvdXJuYW1lbnRfaWQiOiAiNjc4OTAifQ=='], 'amt': ['500.000']}
INFO 2025-03-21 05:18:29,962 views 2 129855849338752 Payment ID: 100508010000000741, Result: CAPTURED, Track ID: TRKADB381E9E3FF94B4, Amount: 500.000
INFO 2025-03-21 05:18:29,997 views 2 129855849338752 Transaction TRKADB381E9E3FF94B4 updated with payment response.
WARNING 2025-03-21 05:25:25,975 log 2 137680386656128 Not Found: /
INFO 2025-03-21 05:25:35,955 views 2 137680386656128 Received request to initiate payment.
INFO 2025-03-21 05:25:35,956 views 2 137680386656128 Generated track_id: TRKEBAC7F1F71F71BF1
INFO 2025-03-21 05:25:35,981 views 2 137680386656128 Created transaction with ID: 65
INFO 2025-03-21 05:25:35,981 views 2 137680386656128 Prepared KNET request data: {'trackid': 'TRKEBAC7F1F71F71BF1', 'amt': '500.000', 'id': '540801', 'password': '540801pg', 'currencycode': '414', 'langid': 'EN', 'action': '1', 'responseURL': 'https://duelingpayment.eu.pythonanywhere.com/response/', 'errorURL': 'https://duelingpayment.eu.pythonanywhere.com/error/', 'udf1': '', 'udf2': '', 'udf3': '', 'udf4': '', 'udf5': 'eyJ1c2VyX2lkIjogIjEyMzQ1IiwgInRvdXJuYW1lbnRfaWQiOiAiNjc4OTAifQ=='}
INFO 2025-03-21 05:25:35,984 views 2 137680386656128 Successfully encrypted request data.
INFO 2025-03-21 05:25:35,984 views 2 137680386656128 Generated payment URL: https://kpaytest.com.kw/kpg/PaymentHTTP.htm?param=paymentInit&trandata=D99A274FA22FDC17AD415AD49F0B1725CE6A4C82CAE051BD282B4104F2BB49F1ACFBE86DC569C3820A28A2395DD8CC44565B61B63B6135FF6C446D51E1B939DD908961CC219BA9A6CD3B661081803AD90A8B670BB29C307FB5874333CEECA3D5E5B49DA737EBEB7DF2F71E689DF2C42CD85290C5EF49C4C3E89E45407E0BDC54B882B70671AEC2589CDFC8CC9251406BB32BFAD4E0D5743FBA010BB1655ABAB0F325F00BD5D150489C3B738EB121CEDE68239DBEAF4E1DF8E179A3BE5FC477C27A448DB1BBBBC1A429FEA8DA53976EE18215F21F65E83C7B0497D4D2F1EE0EC58DBBC1B19F083D33E7310F46235F01E0FDF63F78B2028999C8BAF266E48C624346AECD3F0AAA7DFE5573D51B8D2DB1D27FF52FC9DD10B7C4327EB3D9723B4BAC955134000BF2267C92845ED608B1FE093FD5D29DE72E5D82EE892C62901B8EABC595380943CEB1C776CE7A44F7D71683&errorURL=https://duelingpayment.eu.pythonanywhere.com/error/&responseURL=https://duelingpayment.eu.pythonanywhere.com/response/&tranportalId=540801
INFO 2025-03-21 05:26:20,319 views 2 137680386656128 Received payment response from KNET.
INFO 2025-03-21 05:26:20,319 views 2 137680386656128 Received request at /response/ with content-type: text/html
INFO 2025-03-21 05:26:20,320 views 2 137680386656128 Raw request body: 813F3F5793D31B3918B9C75A007929BA764B143B2A17ED7EEFFD562E72EB8A3B2BCB12B9B7ABBD9C54A31B906F40386481AACE4D4F93EC76DE435D12B6E347DBC940418B274BF523262006C34CC221538B2BF9C17D97F3797FA797980527BC12F3B2A498A4EAF19B579E79F404C25B66649C554A7F0D37C00C7011579E61020E9186D7C9BA90E2CC4FEFDAA0B0AD3B618EA10209E1A598484B935EC49F9D31E640E76D7B61241DA64BFC7C84AD67C57AC520885F72D9C8709113476C956A1F730EABEBFC586FC2F5DB46F6738E77532545E17A690DB988A72D3233C77A3B2FDD95EC3E5DEEDD446244F39B13FAF90A810C458FF791F61B546FCA093C6CAD08705E79C8A1D6574AD8D31C6C28DBD228F9E1A1815CC54A440146B29B93D0901921
INFO 2025-03-21 05:26:20,320 views 2 137680386656128 Processing HTML request
INFO 2025-03-21 05:26:20,320 views 2 137680386656128 Decrypted trandata: paymentid=100508010000000767&result=CAPTURED&auth=B32668&avr=N&ref=508010000039&tranid=508010000182360&postdate=0321&trackid=TRKEBAC7F1F71F71BF1&udf1=&udf2=&udf3=&udf4=&udf6=&udf7=&udf8=&udf9=&udf10=&udf5=eyJ1c2VyX2lkIjogIjEyMzQ1IiwgInRvdXJuYW1lbnRfaWQiOiAiNjc4OTAifQ%3D%3D&amt=500.000&
INFO 2025-03-21 05:26:20,321 views 2 137680386656128 Parsed response data: {'paymentid': ['100508010000000767'], 'result': ['CAPTURED'], 'auth': ['B32668'], 'avr': ['N'], 'ref': ['508010000039'], 'tranid': ['508010000182360'], 'postdate': ['0321'], 'trackid': ['TRKEBAC7F1F71F71BF1'], 'udf5': ['eyJ1c2VyX2lkIjogIjEyMzQ1IiwgInRvdXJuYW1lbnRfaWQiOiAiNjc4OTAifQ=='], 'amt': ['500.000']}
INFO 2025-03-21 05:26:20,322 views 2 137680386656128 Decoded udf5: {'user_id': '12345', 'tournament_id': '67890'}
INFO 2025-03-21 05:26:20,322 views 2 137680386656128 Payment ID: 100508010000000767, Result: CAPTURED, Track ID: TRKEBAC7F1F71F71BF1, Amount: 500.000
INFO 2025-03-21 05:26:20,346 views 2 137680386656128 Transaction TRKEBAC7F1F71F71BF1 updated with payment response.
INFO 2025-03-21 05:26:38,900 views 2 137680386656128 Received request to initiate payment.
INFO 2025-03-21 05:26:38,901 views 2 137680386656128 Generated track_id: TRKCD921C2ACABC66BD
INFO 2025-03-21 05:26:38,928 views 2 137680386656128 Created transaction with ID: 66
INFO 2025-03-21 05:26:38,929 views 2 137680386656128 Prepared KNET request data: {'trackid': 'TRKCD921C2ACABC66BD', 'amt': '500.000', 'id': '540801', 'password': '540801pg', 'currencycode': '414', 'langid': 'EN', 'action': '1', 'responseURL': 'https://duelingpayment.eu.pythonanywhere.com/response/', 'errorURL': 'https://duelingpayment.eu.pythonanywhere.com/error/', 'udf1': '', 'udf2': '', 'udf3': '', 'udf4': '', 'udf5': 'eyJ1c2VyX2lkIjogIjEyMzQ1IiwgInRvdXJuYW1lbnRfaWQiOiAiNjc4OTAifQ=='}
INFO 2025-03-21 05:26:38,929 views 2 137680386656128 Successfully encrypted request data.
INFO 2025-03-21 05:26:38,930 views 2 137680386656128 Generated payment URL: https://kpaytest.com.kw/kpg/PaymentHTTP.htm?param=paymentInit&trandata=5344351979FBF7946EEB5D5E3EDE99C130BDDF38E5DA10827B8450DC16028BB0B7DF65E7E92E084C9226D7D146DB3A1753F1155E35FC35BC2C06914B32EDC460E32D3825D38415FAEC32770E358B73DEEB3009C85D745CAAB206627CE22638E32ECB2FD96EA40BBB6405DE82E38473551B1F10845315AF6520898BD51F1A378DF13C70DF1CCEB7ADFF7E0F38183BB9BDF13D16F84087E9F1E09EFEC0EEB0C8DE38AE0654E2CCB7C07C7C8A9E3E8E7A29576D50BDE95EFEEBEE813E3DBFE79D858DE0CFC0266922DFD2C5E139E3B193F244E2643EF5E624EE60E3F4F1BC88C94E9BDB362A0C679BE3DE485FD812E842CD65451105B89EAC93887448C03E11727F96A731239C44B3B980995FF57A53B0B817A421165F5C3BC45A2F4B4523B81CDD07EF809FAB16684678BA7A07AFDEB9FA4F8E396A23876DAAE737D21B40F9F3A755865E18D5DCCD4BB9CD760A144908CF&errorURL=https://duelingpayment.eu.pythonanywhere.com/error/&responseURL=https://duelingpayment.eu.pythonanywhere.com/response/&tranportalId=540801
INFO 2025-03-21 05:27:31,612 views 2 137680386656128 Received payment response from KNET.
INFO 2025-03-21 05:27:31,612 views 2 137680386656128 Received request at /response/ with content-type: text/html
INFO 2025-03-21 05:27:31,613 views 2 137680386656128 Raw request body: 813F3F5793D31B3918B9C75A007929BA20BAAF1D0D67009B7F72E3B4771856F2E3C64F7FDE0E30706554C757A2BD98EF4156467D4AA2AC618554F900513986624CFE3BD38C6245CCFEB9A7E27152F05CD0E73C8E4D15E9FF4F0D9C9163E0261BF4F3643C0FD7697D28E98DFA6B9BB15B0A4359423F0ABD94DFE1DB20317B4D9EB84B96FD239D93055A9DD0F178A84D843F71EF19FFCDA93761A724D178C33009476F4E97B79456044A691F865C24B7CEBFEF55671131D359C6E0C93B8223C08B6D33A82D716604213453EDF3958510FDE03472A18DA214BD49BD5238796407E742D9D0003ABAAA106DA799803AB35D1972EBD3A74C6CA87883377E12E7BEFED18F3BB510DD0A04BB0E1E4DF210764F91F1DFE4AF4B9145D00CFE77092B9465165667205F7D086A6AD50F7042355C48CB
INFO 2025-03-21 05:27:31,613 views 2 137680386656128 Processing HTML request
INFO 2025-03-21 05:27:31,613 views 2 137680386656128 Decrypted trandata: paymentid=100508010000000773&result=NOT+CAPTURED&auth=000000&avr=N&ref=508010000040&tranid=508010000182415&postdate=0321&trackid=TRKCD921C2ACABC66BD&udf1=&udf2=&udf3=&udf4=&udf6=&udf7=&udf8=&udf9=&udf10=&udf5=eyJ1c2VyX2lkIjogIjEyMzQ1IiwgInRvdXJuYW1lbnRfaWQiOiAiNjc4OTAifQ%3D%3D&amt=500.000&
INFO 2025-03-21 05:27:31,614 views 2 137680386656128 Parsed response data: {'paymentid': ['100508010000000773'], 'result': ['NOT CAPTURED'], 'auth': ['000000'], 'avr': ['N'], 'ref': ['508010000040'], 'tranid': ['508010000182415'], 'postdate': ['0321'], 'trackid': ['TRKCD921C2ACABC66BD'], 'udf5': ['eyJ1c2VyX2lkIjogIjEyMzQ1IiwgInRvdXJuYW1lbnRfaWQiOiAiNjc4OTAifQ=='], 'amt': ['500.000']}
INFO 2025-03-21 05:27:31,614 views 2 137680386656128 Decoded udf5: {'user_id': '12345', 'tournament_id': '67890'}
INFO 2025-03-21 05:27:31,614 views 2 137680386656128 Payment ID: 100508010000000773, Result: NOT CAPTURED, Track ID: TRKCD921C2ACABC66BD, Amount: 500.000
INFO 2025-03-21 05:27:31,638 views 2 137680386656128 Transaction TRKCD921C2ACABC66BD updated with payment response.
WARNING 2025-03-21 05:41:38,652 log 2 138815557699456 Not Found: /
INFO 2025-03-21 05:41:49,132 views 2 138815557699456 Received request to initiate payment.
INFO 2025-03-21 05:41:49,134 views 2 138815557699456 Generated track_id: TRKB025B90C4EF911B5
INFO 2025-03-21 05:41:49,160 views 2 138815557699456 Created transaction with ID: 67
INFO 2025-03-21 05:41:49,161 views 2 138815557699456 Prepared KNET request data: {'trackid': 'TRKB025B90C4EF911B5', 'amt': '500.000', 'id': '540801', 'password': '540801pg', 'currencycode': '414', 'langid': 'EN', 'action': '1', 'responseURL': 'https://duelingpayment.eu.pythonanywhere.com/response/', 'errorURL': 'https://duelingpayment.eu.pythonanywhere.com/error/', 'udf1': '', 'udf2': '', 'udf3': '', 'udf4': '', 'udf5': 'eyJ1c2VyX2lkIjogIjEyMzQ1IiwgInRvdXJuYW1lbnRfaWQiOiAiNjc4OTAifQ=='}
INFO 2025-03-21 05:41:49,166 views 2 138815557699456 Successfully encrypted request data.
INFO 2025-03-21 05:41:49,166 views 2 138815557699456 Generated payment URL: https://kpaytest.com.kw/kpg/PaymentHTTP.htm?param=paymentInit&trandata=E23C745FF13E25B9B06563391941DFB38352C4C56943FB1D258D567135DD762026647C1445F0C7DF39FA70C0DBEAADEB569E2F05CEED233242732977C858FA735F4B626742A6727B484257EEEEE3280CFE8FFD6965A5FB810F4E213EE6EE1A34C2DCF7E990C19BD9C9D628BF0B80BCF075F1ED1D7696A500634875FA9289B176EA4B8038230037C4BA250B5A4433005DD2417F2E5CC6F9701BE815D583AABC2871E16E6C61335CE3C72916C1696D5BF73EF3A03DE3A48ED7AE43C4EFCF0B14B48439B91B6D299662DB581659A2CD6FF5B3A71AE362923D0192B343EE8747ADE524B9970D08971BE61C9074CEA3F7EEA619D943D8CC0D70B3FEFEA3F01E077B9CD927D2E70DE5458438E85C5F63F039E6037FDB8DB374D31BB6FC486F9563B3A697D976C2D375F9DF9EFF7720A75976D26391A36968E9F0CB7B45D3C8D704B0A50A8B04147FF8166918BB228F62ABA092&errorURL=https://duelingpayment.eu.pythonanywhere.com/error/&responseURL=https://duelingpayment.eu.pythonanywhere.com/response/&tranportalId=540801
INFO 2025-03-21 05:42:45,765 views 2 138815557699456 Received payment response from KNET.
INFO 2025-03-21 05:42:45,766 views 2 138815557699456 Received request at /response/ with content-type: text/html
INFO 2025-03-21 05:42:45,766 views 2 138815557699456 Raw request body: 813F3F5793D31B3918B9C75A007929BA0E119DFBCEDDF840941DE89970AEC7B9B96F3F4B644EC86B63E44EE4E12C613689CC26590DF290A4485FFC596753BF159030582096DA90360C1513D2FE4DE53D225C0CAF087E7B6B4B8F173398CBFED66A24B33D41C7157797E5742EED4C3967BF4471D0D370642E6E38C16DECE6CB57F06F34ABCF80C959123C484A3AB0FCF419E249744565928AC1370D8F2B5E6FBAE41EEDC15CCCE94FACA95F2883F8956760A926CFB8711D62065D2311355FF428ADB8DD5F2943C92CEE198F46DC00526557A140F59E562E8345B99A57E87898BD4ED54BDE70EF775E2FA1EA1358FB69DB2A75497F9732B07610A87587069C3DEDDF0FE0C27E1C7B892AE03285FDBDA3AE66AB7E20B7433690752E582700E8C8D0
INFO 2025-03-21 05:42:45,767 views 2 138815557699456 Processing HTML request
INFO 2025-03-21 05:42:45,767 views 2 138815557699456 Decrypted trandata: paymentid=100508010000000796&result=CAPTURED&auth=B34294&avr=N&ref=508010000042&tranid=508010000195963&postdate=0321&trackid=TRKB025B90C4EF911B5&udf1=&udf2=&udf3=&udf4=&udf6=&udf7=&udf8=&udf9=&udf10=&udf5=eyJ1c2VyX2lkIjogIjEyMzQ1IiwgInRvdXJuYW1lbnRfaWQiOiAiNjc4OTAifQ%3D%3D&amt=500.000&
INFO 2025-03-21 05:42:45,769 views 2 138815557699456 Parsed response data: {'paymentid': ['100508010000000796'], 'result': ['CAPTURED'], 'auth': ['B34294'], 'avr': ['N'], 'ref': ['508010000042'], 'tranid': ['508010000195963'], 'postdate': ['0321'], 'trackid': ['TRKB025B90C4EF911B5'], 'udf5': ['eyJ1c2VyX2lkIjogIjEyMzQ1IiwgInRvdXJuYW1lbnRfaWQiOiAiNjc4OTAifQ=='], 'amt': ['500.000']}
INFO 2025-03-21 05:42:45,769 views 2 138815557699456 Decoded udf5: {'user_id': '12345', 'tournament_id': '67890'}
INFO 2025-03-21 05:42:45,769 views 2 138815557699456 Payment ID: 100508010000000796, Result: CAPTURED, Track ID: TRKB025B90C4EF911B5, Amount: 500.000
INFO 2025-03-21 05:42:45,799 views 2 138815557699456 Transaction TRKB025B90C4EF911B5 updated with payment response.
WARNING 2025-03-21 20:39:58,993 log 2 138815557699456 Method Not Allowed: /error/
WARNING 2025-03-23 05:23:38,881 log 2 123144037697408 Not Found: /
INFO 2025-03-23 05:24:49,578 views 2 123144037697408 Received request to initiate payment.
WARNING 2025-03-23 05:24:49,579 views 2 123144037697408 Invalid request data: {'amount': [ErrorDetail(string='This field is required.', code='required')]}
WARNING 2025-03-23 05:24:49,580 log 2 123144037697408 Bad Request: /initiate/
WARNING 2025-03-23 05:26:38,286 log 2 127378729441152 Not Found: /
INFO 2025-03-23 05:26:41,948 views 2 127378729441152 Received request to initiate payment.
INFO 2025-03-23 05:26:41,949 views 2 127378729441152 Generated track_id: TRK325838185336E9BF
INFO 2025-03-23 05:26:41,976 views 2 127378729441152 Created transaction with ID: 68
INFO 2025-03-23 05:26:41,977 views 2 127378729441152 Prepared KNET request data: {'trackid': 'TRK325838185336E9BF', 'amt': '50', 'id': '540801', 'password': '540801pg', 'currencycode': '414', 'langid': 'EN', 'action': '1', 'responseURL': 'https://duelingpayment.eu.pythonanywhere.com/response/', 'errorURL': 'https://duelingpayment.eu.pythonanywhere.com/error/', 'udf1': '', 'udf2': '', 'udf3': '', 'udf4': '', 'udf5': 'eyJ1c2VyX2lkIjogIjEyMyIsICJ1c2VyX25hbWUiOiAiSm9obiBEb2UiLCAidG91cm5hbWVudF9pZCI6ICI0NTYiLCAidG91cm5hbWVudF9uYW1lIjogIlN1bW1lciBDaGFtcGlvbnNoaXAifQ=='}
INFO 2025-03-23 05:26:41,981 views 2 127378729441152 Successfully encrypted request data.
INFO 2025-03-23 05:26:41,982 views 2 127378729441152 Generated payment URL: https://kpaytest.com.kw/kpg/PaymentHTTP.htm?param=paymentInit&trandata=46D552821106F091444E825EB9553FECC3AEF8277A01E331A3FD33583B3625351BEE9F6C6CF6E9EEB24815570E702ECAD8BEDB706E3832E8B42D9C3EC88B70F2F5D0C7A690E9D234884DDA688F148EDE015DCC6CF9CF1BDAE6841471D11872837458AE0BFC934EDB4B28FEB643475BE02E3E23BD5EF9124B4C7FA5EB46F19E8377A0651E26D30ADCD62DA2FC7489D103EB8E3D022189E6A0F33D6022B7149AB015660B9C20A6B41458F2DBB1E4B2092650ADC801ED58CA8C33550BFA62ACC2D8FF314074FDD5E5A6B93FB61E82EC44E32D4EAE7B749872F17464607B96DC255409C10F15FAEC6A195EEACD7BE68F01FC43DF6A64D1D0F0DAE96CC9EFFFC99D9ED9D9D1DE687FB487734BA25B65CE04B56C9EF24F4C509DA74479BD866FE3058F80410D9BE1B4A5748486B8D0D9E95E73ABAF440336EE11174941B6FB1687FF44B33C00C826CDB18E556EB3F616DADE3D7AFF4EAED3D1F95821C9687E5B785AC12E7A7B6F837E246CFCA39BD221335A9EAA00463A12635B3ADDAFBDBA835B16CA5A5969EE711FD4E0D38FAE0BC2A0385D35913B6BB3634C2020073E6800508DDB&errorURL=https://duelingpayment.eu.pythonanywhere.com/error/&responseURL=https://duelingpayment.eu.pythonanywhere.com/response/&tranportalId=540801
INFO 2025-03-23 05:28:08,758 views 2 127378729441152 Received payment response from KNET.
INFO 2025-03-23 05:28:08,759 views 2 127378729441152 Received request at /response/ with content-type: text/html
INFO 2025-03-23 05:28:08,759 views 2 127378729441152 Raw request body: 813F3F5793D31B3918B9C75A007929BA7150299B19C75F0FC74A03466288C733AE12B5419141F8B2752335C2861DA1119C638CF729AF25362AA77F6BD360CA4F4C5256254C4455823614BB7768C0DB66D1018C8E4F7614C76D29BFD2E3C38DBFDE13CCBE1F6965238365D51D42221517EAD1D3862486951CED896042D2EE10FC22E4A86AACA9E81B061D959BF714B1F1EDA74C33A5EB9A91831A7DF5F4D6F8728E6B408C9BB10A84C6F998E8C62C14AEFC0A89BC3AAD6EC91DF6BC29EFE696F3C9B185C8CF04DDBC2B214104D0C38F7C38D381FEF1E509ABDA525BB463F1F338906D2EF1DD71E68AA49887E7EC6FEBF886B6C72050E69D02750CCBC60AF934E6C75B5108A75B80D0E1D293BC590B44B8E20B262AF6F11509357BD4E70783B6E4CC21F89786DC118343BAD79536DEF44B31314068AB77CB4655E2298FB82B81F1AC83B14CF1D01B35D983884FF8EE1483741A03B78EF0B498DF3E36D727D30A61CA0AAACDDD449A1A43EBF99547FEA61D48668E003AFBAF6F0E1A65B0FAC3B078
INFO 2025-03-23 05:28:08,760 views 2 127378729441152 Processing HTML request
INFO 2025-03-23 05:28:08,760 views 2 127378729441152 Decrypted trandata: paymentid=100508210000000429&result=CAPTURED&auth=B82857&avr=N&ref=508210000034&tranid=508210000166077&postdate=0323&trackid=TRK325838185336E9BF&udf1=&udf2=&udf3=&udf4=&udf6=&udf7=&udf8=&udf9=&udf10=&udf5=eyJ1c2VyX2lkIjogIjEyMyIsICJ1c2VyX25hbWUiOiAiSm9obiBEb2UiLCAidG91cm5hbWVudF9pZCI6ICI0NTYiLCAidG91cm5hbWVudF9uYW1lIjogIlN1bW1lciBDaGFtcGlvbnNoaXAifQ%3D%3D&amt=50.000&
INFO 2025-03-23 05:28:08,761 views 2 127378729441152 Parsed response data: {'paymentid': ['100508210000000429'], 'result': ['CAPTURED'], 'auth': ['B82857'], 'avr': ['N'], 'ref': ['508210000034'], 'tranid': ['508210000166077'], 'postdate': ['0323'], 'trackid': ['TRK325838185336E9BF'], 'udf5': ['eyJ1c2VyX2lkIjogIjEyMyIsICJ1c2VyX25hbWUiOiAiSm9obiBEb2UiLCAidG91cm5hbWVudF9pZCI6ICI0NTYiLCAidG91cm5hbWVudF9uYW1lIjogIlN1bW1lciBDaGFtcGlvbnNoaXAifQ=='], 'amt': ['50.000']}
INFO 2025-03-23 05:28:08,762 views 2 127378729441152 Decoded udf5: {'user_id': '123', 'user_name': 'John Doe', 'tournament_id': '456', 'tournament_name': 'Summer Championship'}
INFO 2025-03-23 05:28:08,762 views 2 127378729441152 Payment ID: 100508210000000429, Result: CAPTURED, Track ID: TRK325838185336E9BF, Amount: 50.000
INFO 2025-03-23 05:28:08,790 views 2 127378729441152 Transaction TRK325838185336E9BF updated with payment response.
WARNING 2025-03-23 05:28:11,440 log 2 127378729441152 Not Found: /favicon.ico
WARNING 2025-03-23 05:37:41,213 log 2 124230063818624 Not Found: /
INFO 2025-03-23 05:38:22,538 views 2 124230063818624 Received request to initiate payment.
INFO 2025-03-23 05:38:22,539 views 2 124230063818624 Generated track_id: TRKCE6482708D387975
INFO 2025-03-23 05:38:22,563 views 2 124230063818624 Created transaction with ID: 69
INFO 2025-03-23 05:38:22,563 views 2 124230063818624 Prepared KNET request data: {'trackid': 'TRKCE6482708D387975', 'amt': '50', 'id': '540801', 'password': '540801pg', 'currencycode': '414', 'langid': 'EN', 'action': '1', 'responseURL': 'https://duelingpayment.eu.pythonanywhere.com/response/', 'errorURL': 'https://duelingpayment.eu.pythonanywhere.com/error/', 'udf1': '', 'udf2': '', 'udf3': '', 'udf4': '', 'udf5': 'eyJ1c2VyX2lkIjogIjUxOTM5MiIsICJ1c2VyX25hbWUiOiAiSm9obiBEb2UiLCAidG91cm5hbWVudF9pZCI6ICI1MCIsICJ0b3VybmFtZW50X25hbWUiOiAiU3VtbWVyIENoYW1waW9uc2hpcCJ9'}
INFO 2025-03-23 05:38:22,566 views 2 124230063818624 Successfully encrypted request data.
INFO 2025-03-23 05:38:22,566 views 2 124230063818624 Generated payment URL: https://kpaytest.com.kw/kpg/PaymentHTTP.htm?param=paymentInit&trandata=FC6C00E96141EBC13C75A35269CF7C8B98DBCAF71F99E3A065EAFC9D70B70F6FB939BED8D93FE5509FADB0C027FCD212AF82A7566E51E4035F0CF4E6C09A263F97E80D833598A769700FCA7DDD3D38CC0E80E22D9CE99C2E1E573D9F4410D63AE0312E204B9F59AF7AEFAB2868EAAC3390DE33EF9D6452FED973BE44F8925F7DB00D6C71F8525D972B30ABF33479F7C0CC2DD3C68AA5DE692C614ADEACCE631A2751F2C0D0AA4C73E51A6F39E5E7758D6221B7A54674EB082FA11A4DF7CA6B71DB5CE8645D9C3F24CCE000A4470D303F20B4DBF94331F5BA2491EE21C58121085A4F8F42B24265BB2810B5182BAD9909A3FC4B4934A59DB77F1950CED7DF694C732C7A8E7A61307FB4587BE1C7ADCBDC621189171EAB14DAC29B498EC4DF71ADF0B55E51E11B3E0CDACDE7B443B1536D5F768EC3FAA9DC23477693768513D5493A41A149E3963569A0F8F502036EE1C2A99758CEA397F81DC30105F8A54AFF5EC6E138E8A1397DBB43D404D4D7535C2ABE1609572554F4FB9D6D8B9AFF805C3F134AE1FC11C9A39E65D3611E62019AB81EB4C4E3675D82DDB790A95B44CCBB89&errorURL=https://duelingpayment.eu.pythonanywhere.com/error/&responseURL=https://duelingpayment.eu.pythonanywhere.com/response/&tranportalId=540801
INFO 2025-03-23 05:39:54,491 views 2 124230063818624 Received payment response from KNET.
INFO 2025-03-23 05:39:54,492 views 2 124230063818624 Received request at /response/ with content-type: text/html
INFO 2025-03-23 05:39:54,492 views 2 124230063818624 Raw request body: 813F3F5793D31B3918B9C75A007929BA382950E57EB4B3750425B0657F22BF6D906BA171399B3E40B1226F051DD4589CA5EFF7A595E29585E33430C90F88DF4AAB44225EE88D9639CE441C1059EBBAE9AD0175083AFDC38978D54AEA7BAFFCB46C3966B6F9F6B49ED131D9E63AEB31A557E002112578A074B7ACAA28E6CE12DE120EE6766F1B5412F2792D4C926E2F1C2A14F8650076998058E1EDA67C81BAF4AD621A9CE1605D15B5740290A4D9DA9386D65DB95F43A8A22E5EACF1311CD6E3AF2DC8B5A7C2811E327C9BB6E68B17C9BC58EEE0F614E4A69E74FEFCD4ACA22224126741304BCE027E629FD195F9420CE407C5A9140D0F1A550EAC3CB8F1FD1A7B21914944739233134CB356FAF4B2115AE001574787075C55784C4E92BC6796D76F9B99CF44EB7029EF7B8B78F97350EE9C23E32DF3CA78D8EB82B9C2389DD2AC4706659830DA38D34572E40D9971FDF5E0C7DAF66B24D55369E4DECF2F38C9050657844CA55F3EB4998A32D38A0F95
INFO 2025-03-23 05:39:54,493 views 2 124230063818624 Processing HTML request
INFO 2025-03-23 05:39:54,493 views 2 124230063818624 Decrypted trandata: paymentid=100508210000000436&result=CAPTURED&auth=B84003&avr=N&ref=508210000035&tranid=508210000175174&postdate=0323&trackid=TRKCE6482708D387975&udf1=&udf2=&udf3=&udf4=&udf6=&udf7=&udf8=&udf9=&udf10=&udf5=eyJ1c2VyX2lkIjogIjUxOTM5MiIsICJ1c2VyX25hbWUiOiAiSm9obiBEb2UiLCAidG91cm5hbWVudF9pZCI6ICI1MCIsICJ0b3VybmFtZW50X25hbWUiOiAiU3VtbWVyIENoYW1waW9uc2hpcCJ9&amt=50.000&
INFO 2025-03-23 05:39:54,494 views 2 124230063818624 Parsed response data: {'paymentid': ['100508210000000436'], 'result': ['CAPTURED'], 'auth': ['B84003'], 'avr': ['N'], 'ref': ['508210000035'], 'tranid': ['508210000175174'], 'postdate': ['0323'], 'trackid': ['TRKCE6482708D387975'], 'udf5': ['eyJ1c2VyX2lkIjogIjUxOTM5MiIsICJ1c2VyX25hbWUiOiAiSm9obiBEb2UiLCAidG91cm5hbWVudF9pZCI6ICI1MCIsICJ0b3VybmFtZW50X25hbWUiOiAiU3VtbWVyIENoYW1waW9uc2hpcCJ9'], 'amt': ['50.000']}
INFO 2025-03-23 05:39:54,494 views 2 124230063818624 Decoded udf5: {'user_id': '519392', 'user_name': 'John Doe', 'tournament_id': '50', 'tournament_name': 'Summer Championship'}
INFO 2025-03-23 05:39:54,495 views 2 124230063818624 Payment ID: 100508210000000436, Result: CAPTURED, Track ID: TRKCE6482708D387975, Amount: 50.000
INFO 2025-03-23 05:39:54,525 views 2 124230063818624 Transaction TRKCE6482708D387975 updated with payment response.
ERROR 2025-03-23 05:39:54,827 views 2 124230063818624 Failed to update payment status: 405 Client Error: Method Not Allowed for url: https://dueling.pythonanywhere.com/update-payment-status/
WARNING 2025-03-23 05:40:30,917 log 2 124230063818624 Not Found: /
WARNING 2025-03-23 05:40:31,349 log 2 124230063818624 Not Found: /favicon.ico
WARNING 2025-03-23 05:45:48,904 log 2 139610577381248 Not Found: /
WARNING 2025-03-23 05:48:41,868 log 2 123732800350080 Not Found: /
INFO 2025-03-23 05:48:50,653 views 2 123732800350080 Received request to initiate payment.
INFO 2025-03-23 05:48:50,654 views 2 123732800350080 Generated track_id: TRKA932C1D3DC88F721
INFO 2025-03-23 05:48:50,678 views 2 123732800350080 Created transaction with ID: 70
INFO 2025-03-23 05:48:50,678 views 2 123732800350080 Prepared KNET request data: {'trackid': 'TRKA932C1D3DC88F721', 'amt': '50', 'id': '540801', 'password': '540801pg', 'currencycode': '414', 'langid': 'EN', 'action': '1', 'responseURL': 'https://duelingpayment.eu.pythonanywhere.com/response/', 'errorURL': 'https://duelingpayment.eu.pythonanywhere.com/error/', 'udf1': '', 'udf2': '', 'udf3': '', 'udf4': '', 'udf5': 'eyJ1c2VyX2lkIjogIjUxOTM5MiIsICJ1c2VyX25hbWUiOiAiSm9obiBEb2UiLCAidG91cm5hbWVudF9pZCI6ICI1MCIsICJ0b3VybmFtZW50X25hbWUiOiAiU3VtbWVyIENoYW1waW9uc2hpcCJ9'}
INFO 2025-03-23 05:48:50,681 views 2 123732800350080 Successfully encrypted request data.
INFO 2025-03-23 05:48:50,681 views 2 123732800350080 Generated payment URL: https://kpaytest.com.kw/kpg/PaymentHTTP.htm?param=paymentInit&trandata=2D3DF5638DB953259F629F3394C7FC3E8A1368AC4268C8F6EF58CAB58F76826F09791F26418C7B5C818942B739BF585A3FE9BA341FE7563D553558A2DA39DD51C2B5C572B5741737006D0F88E6667792C26B4C316B67A7F680A23F5667988F17580006EAE587C6120CFAF7E585DD6013C34A1C6E0E9BD2B95160B669AD065948F097AEE8A8EA551891234643D9FEF329A665E68F28EA850DD2E3C34B77E270D5A4FF827A39FD6F8332A9E42DD1187FB5B5679E324411AB4869829DC4F6A32E81A2E38B6AE550DC434F94DB37E99B433B7B36FC8C02F0982B7D483CFE62A3079440582243F745408EBBA9F8F8E47C27562100ACCB546F632EE175A427780DA27C34316D7D0ED155D12BBF5F4F2932F9927BB7C8F8C9BF3487FBF02CEE3C0AEA7C0B831D944E91300F4ECE4700C69DC604E95709485B9CEFE1A1A2E046B49F8682CA50C0C7A54ED5DFAF7A2047F208805361CD84FE135D500C60D569DD0DC80211D4E6CA457F45147CD5611202309D7AF78072BEE4013CF3B6BEF11583598607543046CA16B58A517870940DA647F7EE158ED56D146F0C431A99EF4B559AE67825&errorURL=https://duelingpayment.eu.pythonanywhere.com/error/&responseURL=https://duelingpayment.eu.pythonanywhere.com/response/&tranportalId=540801
INFO 2025-03-23 05:51:44,423 views 2 123732800350080 Received request to initiate payment.
INFO 2025-03-23 05:51:44,424 views 2 123732800350080 Generated track_id: TRK11901C8CC847E440
INFO 2025-03-23 05:51:44,447 views 2 123732800350080 Created transaction with ID: 71
INFO 2025-03-23 05:51:44,447 views 2 123732800350080 Prepared KNET request data: {'trackid': 'TRK11901C8CC847E440', 'amt': '50', 'id': '540801', 'password': '540801pg', 'currencycode': '414', 'langid': 'EN', 'action': '1', 'responseURL': 'https://duelingpayment.eu.pythonanywhere.com/response/', 'errorURL': 'https://duelingpayment.eu.pythonanywhere.com/error/', 'udf1': '', 'udf2': '', 'udf3': '', 'udf4': '', 'udf5': 'eyJ1c2VyX2lkIjogIjUxOTM5MiIsICJ1c2VyX25hbWUiOiAiSm9obiBEb2UiLCAidG91cm5hbWVudF9pZCI6ICI1MCIsICJ0b3VybmFtZW50X25hbWUiOiAiU3VtbWVyIENoYW1waW9uc2hpcCJ9'}
INFO 2025-03-23 05:51:44,448 views 2 123732800350080 Successfully encrypted request data.
INFO 2025-03-23 05:51:44,448 views 2 123732800350080 Generated payment URL: https://kpaytest.com.kw/kpg/PaymentHTTP.htm?param=paymentInit&trandata=92F0A7B4C3FB84CBC52A24618EA9C0E1B2909402882124EBF1C9F02081C58059ADEE9F88665A7B97F9BCB336D7CB66DA1E83E79657D88947111671BA9452A34741B84AA2D75759CF25737E8B918DF355CF3185515038F1B179CA96C77BC21CC3487FB3B5FAC10CACC3FD0F3A9A086548F8572EE93775D4A79ED8E4E2DC7932FDD33E9BAD0201095ED69BCFD89DD189581330B408C5389E4AC6188D47B78D093385F47D6636B61928B3507261E954C0DB548A8C5BAB3A5F683C5260BDB1B65ED6161F998FAC4165A961EA7A33D538A92B94CAE20E2AC08241AB4CBFAAC946CCEDDAF9A4BE23050852993822E2F074398FD08411CB08C4C7ABC942DEC8EEA38AFC2CC829DBB7B69E30B85CE77895AF5E7F0807C7FABA11C17C10F8669D24A6A53036664F39626A2AFF936463BB0CC30D6EC1FFD30D9F1BC547621C0AACD40437956D5731701A13EEBE2753B39953CBD481B6FE925459BCAE8E20406031235CAA6767195D68DE89C388879D5ACE4A6C1E4AC95191ECCF99535A8A09E3C8E4585928D4181CD31FC11540C3F9B611F2639F3974161186F695287EF3EB872EA3C8B5F4&errorURL=https://duelingpayment.eu.pythonanywhere.com/error/&responseURL=https://duelingpayment.eu.pythonanywhere.com/response/&tranportalId=540801
INFO 2025-03-23 05:52:48,895 views 2 123732800350080 Received payment response from KNET.
INFO 2025-03-23 05:52:48,895 views 2 123732800350080 Received request at /response/ with content-type: text/html
INFO 2025-03-23 05:52:48,896 views 2 123732800350080 Raw request body: 813F3F5793D31B3918B9C75A007929BA156F054B2F54BD202E6276136EE88B2338C41C34F2042C6CD72ED780BE458A8FC8AF8576B1F16E4A5CF723C2A35F90F4EE7EE616EE31DA5571B4F1436AD80A8AC7ABEA9688EE343E8BE5A839213AD17C321F431F3248BC03A44068278A3175DE91E1D205782FCAAC95858F496EDFEBBB11F665ED0504C18E60A3020D7E45FE545562EFBF0C96488A7FDBD744413369F43C3AF81B8F590C3EB11ADE82261C4868612F565A036A14D5AB9723A172302841110E537056560C8083176E437223C7D19BA79F414448BC217766BF8E246E22E6D9DFE179F3939BD1A21D88F7C8A545E08BFC9673B23FE8837DD9EE1CC2432C56414A88DBC4D71DC7E7918829E3EAC1E398E4CCE6E63282FEC23214DB3E528131903A4FB73FC8CA80B2AD3EAAF478BB821C5205855F515EDCEFC6560F65AE9007908C1602230CC60D960FE9934E40CF15A10877CF8AF5FFB92E5904C5F4AAEA385A2EC23499817405D513DE1C8DE1529B
INFO 2025-03-23 05:52:48,896 views 2 123732800350080 Decoded udf5: {'user_id': '519392', 'user_name': 'John Doe', 'tournament_id': '50', 'tournament_name': 'Summer Championship'}
INFO 2025-03-23 05:52:48,897 views 2 123732800350080 Processing transaction for Track ID: TRK11901C8CC847E440, User ID: 519392, Tournament ID: 50
INFO 2025-03-23 05:52:48,925 views 2 123732800350080 Transaction TRK11901C8CC847E440 updated successfully.
INFO 2025-03-23 05:52:49,347 views 2 123732800350080 Successfully updated payment status: paid
INFO 2025-03-23 05:55:09,020 views 2 123732800350080 Received request to initiate payment.
INFO 2025-03-23 05:55:09,021 views 2 123732800350080 Generated track_id: TRKDCB46E334B3794DC
INFO 2025-03-23 05:55:09,049 views 2 123732800350080 Created transaction with ID: 72
INFO 2025-03-23 05:55:09,050 views 2 123732800350080 Prepared KNET request data: {'trackid': 'TRKDCB46E334B3794DC', 'amt': '50', 'id': '540801', 'password': '540801pg', 'currencycode': '414', 'langid': 'EN', 'action': '1', 'responseURL': 'https://duelingpayment.eu.pythonanywhere.com/response/', 'errorURL': 'https://duelingpayment.eu.pythonanywhere.com/error/', 'udf1': '', 'udf2': '', 'udf3': '', 'udf4': '', 'udf5': 'eyJ1c2VyX2lkIjogIjUxOTM5MiIsICJ1c2VyX25hbWUiOiAiSm9obiBEb2UiLCAidG91cm5hbWVudF9pZCI6ICI1MCIsICJ0b3VybmFtZW50X25hbWUiOiAiU3VtbWVyIENoYW1waW9uc2hpcCJ9'}
INFO 2025-03-23 05:55:09,050 views 2 123732800350080 Successfully encrypted request data.
INFO 2025-03-23 05:55:09,051 views 2 123732800350080 Generated payment URL: https://kpaytest.com.kw/kpg/PaymentHTTP.htm?param=paymentInit&trandata=F81313BD28E90FAB17814C667C06EC10393F5100634CBF7A71ECFD2DD073153F987169E9B68D8C2833A186511839795469ADE797154695E931C00BFAEB6369EDA05EB563DF8884AB8191D213B381B400FEB0F6000B26EC7C218900B52C01E8346A4DC37EC99980ECCED0B4F5B62310702595A401342BF71E6FE6DB3C34D9EF8374DC565369F5376A41AE735167CB68D9B39486DB1BD0851635F3956E47DE06F2919100AF4CAFFF99E98ECB7A9BEEB31183A4EC52D10AD2D9B42E52E10B6CDC9AAE8557570E1B24BE6C380E49DECE2F3D1878DA2BBAB36CCE62D621D6EC6182F2B75C7AF95BB5BA1C119F03B9EC2E462DB01E933369162649469B4F5DF47C01003B025FA75A909058BE2D64497DA46D0F69F72A10E2CDFB2225D8EE76D2E0B95CADBD1FEF1F34F570161E6D6D11798CA4776DB269A95AE7EF5B004C689CC263D3F019BD60687A35BFB8B29C1AFCFBF18299F82FFF7B2E095BD1D8E803A1EF6F69ABB729033037337DA31BF36FA36E436E9CB9844CA1B75E24C3D74AAA15746863B7BB009FE647E59EFBB893CC5EBA4BA33363A968403903597156628EA7641A53&errorURL=https://duelingpayment.eu.pythonanywhere.com/error/&responseURL=https://duelingpayment.eu.pythonanywhere.com/response/&tranportalId=540801
INFO 2025-03-23 05:56:08,679 views 2 123732800350080 Received payment response from KNET.
INFO 2025-03-23 05:56:08,679 views 2 123732800350080 Received request at /response/ with content-type: text/html
INFO 2025-03-23 05:56:08,679 views 2 123732800350080 Raw request body: 813F3F5793D31B3918B9C75A007929BA70A2FD3582FB997E96BE3F61A2BC504BF2ADCAD5A51DA9891B93448ACFE476AC83B86E4448EEC04793DD0E03C9F285D332B2C04140FBDB40933C787F5E75A564C2D276F690DBB37BE428FA3B1945431E1BF4FCA4F0FAF5F14CE0152F986B1C16C52118B828E1211369844968D689B6EC3B6C79B0D254B805766758CFB4ECA9A22FD84730D673F84BFF2B3F6955B785FD05BF32D66B996F55F7BA4C9523AEFCD357E29973372C780D6D5B6771C5377A2ED70EA9D4E3EE760261E48D8DBCC3A3E02D49FE92A39377ACEE53666D87762EB53FB7EFAEBDB2B861E125F24729E7954FA760B987FAD215FA607F418A53CA94BDBE1D7F9E0118497764CD4ECFE8A5631235BC007D85BCA6DB3671F1ED6A1FEED83D3CAC203F41105CD522FFBCDFFB4C573C28B50B5CBA08F7D9CFAA3665D9288022DC4A6B385A5C0A4A622BE777D286BC958723E3395AC8341B36C31358DFCB1FD422BB5CC148790A94F9798A3FEAED3E619D6718A6AA2F08D3F4A77B77A0F876
INFO 2025-03-23 05:56:08,680 views 2 123732800350080 Decoded udf5: {'user_id': '519392', 'user_name': 'John Doe', 'tournament_id': '50', 'tournament_name': 'Summer Championship'}
INFO 2025-03-23 05:56:08,680 views 2 123732800350080 Processing transaction for Track ID: TRKDCB46E334B3794DC, User ID: 519392, Tournament ID: 50
INFO 2025-03-23 05:56:08,706 views 2 123732800350080 Transaction TRKDCB46E334B3794DC updated successfully.
INFO 2025-03-23 05:56:09,048 views 2 123732800350080 Successfully updated payment status: failed
WARNING 2025-03-23 06:05:14,880 log 2 129854124046208 Not Found: /
INFO 2025-03-23 06:05:43,306 views 2 129854124046208 Received request to initiate payment.
INFO 2025-03-23 06:05:43,307 views 2 129854124046208 Generated track_id: TRKBA22CE069AF3E2B7
INFO 2025-03-23 06:05:43,343 views 2 129854124046208 Created transaction with ID: 73
INFO 2025-03-23 06:05:43,344 views 2 129854124046208 Prepared KNET request data: {'trackid': 'TRKBA22CE069AF3E2B7', 'amt': '50', 'id': '540801', 'password': '540801pg', 'currencycode': '414', 'langid': 'EN', 'action': '1', 'responseURL': 'https://duelingpayment.eu.pythonanywhere.com/response/', 'errorURL': 'https://duelingpayment.eu.pythonanywhere.com/error/', 'udf1': '', 'udf2': '', 'udf3': '', 'udf4': '', 'udf5': 'eyJ1c2VyX2lkIjogIjUxOTM5MiIsICJ1c2VyX25hbWUiOiAiSm9obiBEb2UiLCAidG91cm5hbWVudF9pZCI6ICI1MCIsICJ0b3VybmFtZW50X25hbWUiOiAiU3VtbWVyIENoYW1waW9uc2hpcCJ9'}
INFO 2025-03-23 06:05:43,349 views 2 129854124046208 Successfully encrypted request data.
INFO 2025-03-23 06:05:43,349 views 2 129854124046208 Generated payment URL: https://kpaytest.com.kw/kpg/PaymentHTTP.htm?param=paymentInit&trandata=1240920C714B699986574EA16AD60543D6C90DD5D7538C9435A0160F67C081EA3160145A9EA5A815850841CF4839960BB020865A7A5C1F2964C4CB4E61A173ABDC8702FFCA7AB93643307E88B08B0B9C030D549033643F3E2A7EBE95B9814674DF861850BF6B5D4810C8A69EA9E8DDCF48F67BB79EDFCDB899E26BFC677D8E1D278C734E204CC16ED0B371234B1609002A50307D25F268327A4279B8B4CCD85F8A885E3599220B54EFB9D99740917E15618D3990F50FCEAD4939A57C8AC622076C615AAA6FC27B42FE91A3CEC7F2A73C8298EAC4F4ABD6775621CA2B9172A6499C8983E9C81512C98CCCB4353D37389A2160279E08071586A1D73A598846651BBBA65425360C9CE02CEB84A22BFCB8C963F57A3CEF91B8546E5D812C0C43CCF726511FBE2D146CEFE4212BBF2888D8CD6A06788FBB554545F7923CD7B68E8E6C18D79A29DFF3684501E0417F94C4387FFC7CC7B8E99B599538E8E2B4C4E185BEA577A0932811EE25386D2043E4F998EB3DCA87B9D45710261F531388B3D3E2D707F9B7F53248AF251E8C1C82F7B7E0B80ED7C9D18F397F7417B252B815915178&errorURL=https://duelingpayment.eu.pythonanywhere.com/error/&responseURL=https://duelingpayment.eu.pythonanywhere.com/response/&tranportalId=540801
INFO 2025-03-23 06:06:39,699 views 2 129854124046208 Received payment response from KNET.
INFO 2025-03-23 06:06:39,699 views 2 129854124046208 Received request at /response/ with content-type: text/html
INFO 2025-03-23 06:06:39,700 views 2 129854124046208 Raw request body: 813F3F5793D31B3918B9C75A007929BAFC08D93CB0F85CCD489856A1F661E9ADD1B87663B82C0F2496E1D8D0530BC6408F886C5C5E4D7EB38E4B9CBB338E9B329CA6F46142593E8DD30F845D4901AA3461A9B9EE3BDBA464281AF1A885D0F69B2411821E53B8119D11CC08A42859BD1E41A492919325385B0079AEC5DD5BE4DAB191C471FB6F4BD4FB1CE2B5D184B7D6CCB9C90A1C4C3B1DD9E6045FC58C2BE15FB030AAFBEE613E0D1028D75548061DC38CDB5DB5D889E1C341F2CE1547F5FA497BB039708438F4D88537F4E10663137A5308A40F3DF2100C9E0D28F43A094E6327C6A34314CAB6CA69EF3414032FF6216E5DECC44DF9A52BD364121E4C2185EF1EF3C1A510DA9B2BF96AF3269784DF76058E64302A8CAE136C203FE05E4D5EBFD6E761B72AC08E4C934DC5E10EEDD610048A6F12ACA9CAFF12198312B512789C260DE8FD2D9DBBA7C96CB00AC8693013F95BAF37E4A95B904F48ADDEB86608A484CCC6A242C68E67DB8170201A5F63
INFO 2025-03-23 06:06:39,701 views 2 129854124046208 Decoded udf5: {'user_id': '519392', 'user_name': 'John Doe', 'tournament_id': '50', 'tournament_name': 'Summer Championship'}
INFO 2025-03-23 06:06:39,701 views 2 129854124046208 Processing transaction for Track ID: TRKBA22CE069AF3E2B7, User ID: 519392, Tournament ID: 50
INFO 2025-03-23 06:06:39,732 views 2 129854124046208 Transaction TRKBA22CE069AF3E2B7 updated successfully.
INFO 2025-03-23 06:06:40,069 views 2 129854124046208 Successfully updated payment status: paid
WARNING 2025-03-23 06:07:39,458 log 2 129854124046208 Method Not Allowed: /initiate/
INFO 2025-03-26 11:38:53,296 views 7 129854124046208 Received request to initiate payment.
INFO 2025-03-26 11:38:53,300 views 7 129854124046208 Generated track_id: TRK6E50A5AD038CA61A
INFO 2025-03-26 11:38:53,340 views 7 129854124046208 Created transaction with ID: 74
INFO 2025-03-26 11:38:53,340 views 7 129854124046208 Prepared KNET request data: {'trackid': 'TRK6E50A5AD038CA61A', 'amt': '50', 'id': '540801', 'password': '540801pg', 'currencycode': '414', 'langid': 'EN', 'action': '1', 'responseURL': 'https://duelingpayment.eu.pythonanywhere.com/response/', 'errorURL': 'https://duelingpayment.eu.pythonanywhere.com/error/', 'udf1': '', 'udf2': '', 'udf3': '', 'udf4': '', 'udf5': 'eyJ1c2VyX2lkIjogIjUxOTM5MiIsICJ1c2VyX25hbWUiOiAiSm9obiBEb2UiLCAidG91cm5hbWVudF9pZCI6ICI1MCIsICJ0b3VybmFtZW50X25hbWUiOiAiU3VtbWVyIENoYW1waW9uc2hpcCJ9'}
INFO 2025-03-26 11:38:53,345 views 7 129854124046208 Successfully encrypted request data.
INFO 2025-03-26 11:38:53,346 views 7 129854124046208 Generated payment URL: https://kpaytest.com.kw/kpg/PaymentHTTP.htm?param=paymentInit&trandata=222BAA3B52926127CFF4F21C62BCD7B246789C4D8906E19B20C11973AAB69EF35311D8947AF2021730CBCF2EB9DFBD42B66F25CDF486C6C48BAD63D156CBBFE0A4C9B478F4F7AB7588D7236A5CCBE35F93B2FDC5FF50B66BD64BEB13E0E6F66EDED008F323A11DB8BCA42C36F761F807C66D393AD59FB3FC1423B3CD11AB0E78E1D326E6DB28F724EFFF899AD3CE82FFCE8D31D35D7385EDDAF7A2655C12A48619090AB61917104438BB60C46976908A9E1EE5250946C4C9BC8A646C71AFA776D673E1F9275A9DA8A4238275CD8602F30682746098868D55F21F5A0A61EC0E7890B4589635CF65D72B504075A641BB57DA761F956AE64ECDE8C2A88F4F29B40C3CAA667A26FDCDBF265FE55FB9E38348740093149700B404437F90C14AC7814B4D2587093E7BA22C72B58FF75D2F6157E56E07C2C536542188862E9EF9FB0CD34FBC5D7C56F10A034812FFA05DA5E7E84CDC6CB675EAB26733A3795EE53D2E55B7D003F7022E0044854BD3429FCC2F2735872A044943A1E81918AE579216F7D6BEE4F3C661EFEF881F7CB953F40FB5B66D9FA2D81B4F1C1FB8944CC36E84C5FB&errorURL=https://duelingpayment.eu.pythonanywhere.com/error/&responseURL=https://duelingpayment.eu.pythonanywhere.com/response/&tranportalId=540801
INFO 2025-03-26 11:47:24,516 views 7 129854124046208 Received request to initiate payment.
INFO 2025-03-26 11:47:24,517 views 7 129854124046208 Generated track_id: TRK9A5AE9D0A74849B2
INFO 2025-03-26 11:47:24,547 views 7 129854124046208 Created transaction with ID: 75
INFO 2025-03-26 11:47:24,548 views 7 129854124046208 Prepared KNET request data: {'trackid': 'TRK9A5AE9D0A74849B2', 'amt': '50', 'id': '540801', 'password': '540801pg', 'currencycode': '414', 'langid': 'EN', 'action': '1', 'responseURL': 'https://duelingpayment.eu.pythonanywhere.com/response/', 'errorURL': 'https://duelingpayment.eu.pythonanywhere.com/error/', 'udf1': '', 'udf2': '', 'udf3': '', 'udf4': '', 'udf5': 'eyJ1c2VyX2lkIjogIjk3MTk1NiIsICJ1c2VyX25hbWUiOiAiQWxleCBDcm91c2UiLCAidG91cm5hbWVudF9pZCI6ICIyIiwgInRvdXJuYW1lbnRfbmFtZSI6ICJGZWF0dXJlZCBDaGFtcGlvbnNoaXAifQ=='}
INFO 2025-03-26 11:47:24,548 views 7 129854124046208 Successfully encrypted request data.
INFO 2025-03-26 11:47:24,548 views 7 129854124046208 Generated payment URL: https://kpaytest.com.kw/kpg/PaymentHTTP.htm?param=paymentInit&trandata=6F9EBD5A7B9EC036A97BF78A35D2617096FF552F621144551F071810EBA1435127E3AF56E2C3A02E1B9184F26797C8621E5445142B8E9F66892380530E6BBA6460D0A9D6B58AE919884405237E0EDEEF1F3A5B23AA652F477354FFC5B66C0EB921229D9050EF730B4DEE206013019DFEEBC7C0590A4090FFDD9A8EE78E0D5282B57C3F673FDAD86345DC1B79B22DAB30D472F11C21E60F2371C0FEC1129198D0EB8469AD653F6F2DFCA9AC60CAAEB620AB65A0317A1849A80F7E5C27F5B48FAF1AA1694FFF27D14CDA0339B1BE0D0CE37E1774312E70BA3F04B837F8D6CE666F28D1B89A88A42F8446FC8D31FDECC94CCEE1FBBD88B34F6BAF55CB83A5C34C7961F8C1DEC8DE3FEDADBC827AD8B0B5674D372B1B23F14B64A327A120BD37779F6B58F61234FEE24E15C82DBF8E0B1797E4A2F67F8169EE3EB9E25A3AEA130D2AA701FB8EB3A52BEC75FC962F660FC947C3EFC13232E1D10EA57278651338327323E5CC29E410D51CF8B0045687055298321482FA969E7DCDB43D936677E09015922FA016355602AC24E0BFFFD739B8083FD0ABAFABF4F6D92C861B1A32CEE635&errorURL=https://duelingpayment.eu.pythonanywhere.com/error/&responseURL=https://duelingpayment.eu.pythonanywhere.com/response/&tranportalId=540801
INFO 2025-03-26 11:51:09,017 views 7 129854124046208 Received payment response from KNET.
INFO 2025-03-26 11:51:09,018 views 7 129854124046208 Received request at /response/ with content-type: text/html
INFO 2025-03-26 11:51:09,018 views 7 129854124046208 Raw request body: 813F3F5793D31B3918B9C75A007929BAD4FCA7C640039011C7FFFEB3201BC120EE83B7E41F1308BD0C7F1151FB00FA589E6E69B344179D4D32BD300701426C74CFBC841E4E1D7B89D2B499ADD2DC1D8523157621D3FA5CFBB643143D585EC1ED057A35512BFB13FFFA075E025E6719CDDEA758913FA1EFBD11BAD738A8E88F39C44024141332358F1F36C03C203A4336717F379A76286D1CD4C1534675A25CF053B767E4C5584E33194EADAD29C692393815F59C4E0AC2B8939E1612EF4CE4098AB44F5CC13BFF8911368F3C07C886FD2488BA0708ED8503CDA2BFDA97507677EA3645FBB507E08137558F1AA970F7806EDB51F8CDB329900131028FA4F34095CAD6532D3E8D2AF988B86F1AED7ED014F5F4A93C30EC8DA956AB384298DF4D83A91DF4A83A15C6A38E47E8B1AE0E9EC002E65FC9A9E93309229C1A0826F2121DD28BFE9C0D947A70893DC819714F0F91B95841CD9327CE0384E1F6DF3D8A203942AA59C46FB897C726C7B91C95A2A518C1BCD1BBA21064ECCDB14FDFF9DE52A0
INFO 2025-03-26 11:51:09,019 views 7 129854124046208 Decoded udf5: {'user_id': '971956', 'user_name': 'Alex Crouse', 'tournament_id': '2', 'tournament_name': 'Featured Championship'}
INFO 2025-03-26 11:51:09,020 views 7 129854124046208 Processing transaction for Track ID: TRK9A5AE9D0A74849B2, User ID: 971956, Tournament ID: 2
INFO 2025-03-26 11:51:09,051 views 7 129854124046208 Transaction TRK9A5AE9D0A74849B2 updated successfully.
INFO 2025-03-26 11:51:09,552 views 7 129854124046208 Successfully updated payment status: paid
WARNING 2025-03-26 11:51:12,703 log 7 129854124046208 Not Found: /favicon.ico
INFO 2025-03-26 11:54:04,400 views 7 129854124046208 Received request to initiate payment.
INFO 2025-03-26 11:54:04,401 views 7 129854124046208 Generated track_id: TRKE91712A3F75C332C
INFO 2025-03-26 11:54:04,423 views 7 129854124046208 Created transaction with ID: 76
INFO 2025-03-26 11:54:04,424 views 7 129854124046208 Prepared KNET request data: {'trackid': 'TRKE91712A3F75C332C', 'amt': '50', 'id': '540801', 'password': '540801pg', 'currencycode': '414', 'langid': 'EN', 'action': '1', 'responseURL': 'https://duelingpayment.eu.pythonanywhere.com/response/', 'errorURL': 'https://duelingpayment.eu.pythonanywhere.com/error/', 'udf1': '', 'udf2': '', 'udf3': '', 'udf4': '', 'udf5': 'eyJ1c2VyX2lkIjogIjk3MTk1NiIsICJ1c2VyX25hbWUiOiAiQWxleCBDcm91c2UiLCAidG91cm5hbWVudF9pZCI6ICIyIiwgInRvdXJuYW1lbnRfbmFtZSI6ICJGZWF0dXJlZCBDaGFtcGlvbnNoaXAifQ=='}
INFO 2025-03-26 11:54:04,424 views 7 129854124046208 Successfully encrypted request data.
INFO 2025-03-26 11:54:04,424 views 7 129854124046208 Generated payment URL: https://kpaytest.com.kw/kpg/PaymentHTTP.htm?param=paymentInit&trandata=39A6FB5D1D771DB6B9C69B242B22F6E556A83746319E7791C6CFF5DEA49247ED050CDBB5D01E5FC390F2181DE92003C1613B31F97FE7440EB77DA8243631A99B718854145F7C733FA48DC1951C7817F1D678A426EBAF513C62E78759F83994305F04E0CB9DBF635CFD7A1816F2B39305B9A8B5523FEE1837BE854E8F552B96D2B715E9439CFF3F7DE30CD0D0E3F421983D0C7E36C892DEA89AA7B67217702DD955AF318302D59806C65BBDD566FD6A3E02C43F486DA7F9EF34A65BC218E8F8F001CB8BC82479E8879839E53052695F2E8A0C2D5F9A11FC5207C8C07B893CABEBA9B352F027D97EE1F976F8DAE80C8BE089EFFDCA8F85F44014D5379760979589D339F572BD234B0829A8FEFC0A7DE696E0516DBC7FEDBACE2EAA4E5B4DB2E8BB85AC52DCE9278947208596A5B40C20E0DD9A0DCBA55371DDC4CD1AB54B5F5C991B666C422BD8287D4CCBC0EBF9A4585ED12B3FDB7876F6EC1531CBBDAA45E224B42A68A96C1ED2FB79F1439FB6CB902EFC55820106761F139AF48140249F5F013CE3992076934128043870C0FBA92BCE540E14551988F8E71A15638AD25C5064&errorURL=https://duelingpayment.eu.pythonanywhere.com/error/&responseURL=https://duelingpayment.eu.pythonanywhere.com/response/&tranportalId=540801
INFO 2025-03-26 11:55:17,362 views 7 129854124046208 Received payment response from KNET.
INFO 2025-03-26 11:55:17,363 views 7 129854124046208 Received request at /response/ with content-type: text/html
INFO 2025-03-26 11:55:17,363 views 7 129854124046208 Raw request body: 813F3F5793D31B3918B9C75A007929BA44321454F3218BD97BDDF08B6B191EC802FA58521BC23E91E494DA646398B68CCF4A9A34E3B5810B849637B4FFB8A56915C0D9C52F9C3247C6CA53BACE4BEEBA1F7142F02B8C69AC01CBFEFCBC33D0258A0ED3C9B9378B4004DC91385DBD9C6C4647F303952E247A13322E1C2BD09F73E97C980D85EC43542363783C658473CA25A3C413ED6696ED6EAA47A523FF0C4D329A4CAE7783CC0612C365068DD74B60633DC87A67C62AF790DA478FDDE59478C1B3F903FA5BEEE488FF5FBCADDB70CB55809F2D1780BCB8A4CC9DC48E493C4192E0853AF43FF41E94A2404B2A78A2F56B9134CF90C0B22E8DF712E7934A15840A18A4D6958F75EEA2D4BBF204671898B34270DDD86B8C658978CDEB99318C04A0CC351458FB37B2B08F41F265E2858651ACD702C264FCDD9FFAFA859CEF3D2BFDB22DE54F9A007E55EB216F370BDFC31D8E932ACF84CB4C3C866B6606CC7CA9AE64614BF94228C270A63B06787A29086CE3F23C3BF0ACF0FFF168F373275036
INFO 2025-03-26 11:55:17,364 views 7 129854124046208 Decoded udf5: {'user_id': '971956', 'user_name': 'Alex Crouse', 'tournament_id': '2', 'tournament_name': 'Featured Championship'}
INFO 2025-03-26 11:55:17,364 views 7 129854124046208 Processing transaction for Track ID: TRKE91712A3F75C332C, User ID: 971956, Tournament ID: 2
INFO 2025-03-26 11:55:17,402 views 7 129854124046208 Transaction TRKE91712A3F75C332C updated successfully.
INFO 2025-03-26 11:55:17,742 views 7 129854124046208 Successfully updated payment status: failed
INFO 2025-03-26 11:55:51,813 views 7 129854124046208 Received request to initiate payment.
INFO 2025-03-26 11:55:51,814 views 7 129854124046208 Generated track_id: TRKD44428F791B86269
INFO 2025-03-26 11:55:51,837 views 7 129854124046208 Created transaction with ID: 77
INFO 2025-03-26 11:55:51,837 views 7 129854124046208 Prepared KNET request data: {'trackid': 'TRKD44428F791B86269', 'amt': '50', 'id': '540801', 'password': '540801pg', 'currencycode': '414', 'langid': 'EN', 'action': '1', 'responseURL': 'https://duelingpayment.eu.pythonanywhere.com/response/', 'errorURL': 'https://duelingpayment.eu.pythonanywhere.com/error/', 'udf1': '', 'udf2': '', 'udf3': '', 'udf4': '', 'udf5': 'eyJ1c2VyX2lkIjogIjk3MTk1NiIsICJ1c2VyX25hbWUiOiAiQWxleCBDcm91c2UiLCAidG91cm5hbWVudF9pZCI6ICIyIiwgInRvdXJuYW1lbnRfbmFtZSI6ICJGZWF0dXJlZCBDaGFtcGlvbnNoaXAifQ=='}
INFO 2025-03-26 11:55:51,838 views 7 129854124046208 Successfully encrypted request data.
INFO 2025-03-26 11:55:51,838 views 7 129854124046208 Generated payment URL: https://kpaytest.com.kw/kpg/PaymentHTTP.htm?param=paymentInit&trandata=3BD722F9F423AE3D2EE485C4E1E1995D590A4F7262E2BC376E9498D3D5F0F392DB411D4724F9FC652DE8322AD20A39D4923F2F5B974EB7ED624B6B1F3E303DF16E4BD00CD4F05D31038AE534581E9AD2B3F032EA24D37069DCD6C847D8E07FF5BF9E3719B05C38D7F80CC09C1CACD0889F39BC397B189BD016D762C17871B84934FB2673DAB312FC43A4BA72D1A20C36CFD8DF9A5D3D1176BD4D82D35DA24B4F61FD926AE1DF27F2078C79CEDA530E285BEB1AD099814BAAEE60DE2DA64092BD12D4BFBFEE83924E470E4FE3C83BE022C1C28767EFCF3FF51DBF832B1E584B8ED97407E1A09D9BFB7FFC6AA6312F7FB450B12FD70309403334059E1F5404C4838158F0B80BD94EA3229AE3AAF0CC3AE63D8A016EBB8447D8EEC92DF1A5E8F515810CB40B2EFFFFCECEF88B4B2C5A014F3B1741EBE70ECDB4E20C4F309A3025AD49C06B591B8CE2769EDEA2FB55373E21400C444263AB3B221F5A1385C491E638CA43743E24712347B66DCCE21B032FF7F90EE47E370D1E8DBCF2955E31B9F51AC46F3625847BA3D3302B0A04D0085BBFD0DAEDD49DC2BE5DE1E48699A9927D4D&errorURL=https://duelingpayment.eu.pythonanywhere.com/error/&responseURL=https://duelingpayment.eu.pythonanywhere.com/response/&tranportalId=540801
INFO 2025-03-26 11:56:23,665 views 7 129854124046208 Received payment response from KNET.
INFO 2025-03-26 11:56:23,665 views 7 129854124046208 Received request at /response/ with content-type: text/html
INFO 2025-03-26 11:56:23,665 views 7 129854124046208 Raw request body: 813F3F5793D31B3918B9C75A007929BAEF8FC4CBEB93FD9F085257493C8925CFC740B4EE7739E75762EDE10F034B1FB832FA834F307502E269E442691CAC03DB042062DC953400EA30CAAB12D6D9CCF9F4B0E28974DB1756760D5FD38D4D464CC261D4920118F04B9D05D073E1F69A6967E5B8151121C3DEB68352B9E4DB31294370A722928BC7C1B332C60CA751CCD6AC4770DFB2812AE0751C8558234556EEC0658D1296BE6AEA85BD88D3414A292F8C509353C4DC3960FCE8128DCDB619B6CF8F4394D3D9D1A21B23A00BEC56A0CEAB1319387F46D7A242DE0D7D1E868A0924061A6598DDBA2494BFE39E200D864B16FA40CEB45192EB10DAFB6573969FD5A2EFE930C28A2779EA54F90C2B2DEE7CB72AFD7D34E3B273EB0330B0F7A94885AC4B048C9229B78A15104F16039524B2ED7CD5CD8CF984343B15EA26388D02100ECDE870426387D29EFE4F8716CDCB6BFDC9836BF30788F801D4A718332B69DFB182E298CD90ACFFD0929A07D796C74D55A2640523F50BC00B26AD1B0E1B53A2
INFO 2025-03-26 11:56:23,666 views 7 129854124046208 Decoded udf5: {'user_id': '971956', 'user_name': 'Alex Crouse', 'tournament_id': '2', 'tournament_name': 'Featured Championship'}
INFO 2025-03-26 11:56:23,667 views 7 129854124046208 Processing transaction for Track ID: TRKD44428F791B86269, User ID: 971956, Tournament ID: 2
INFO 2025-03-26 11:56:23,695 views 7 129854124046208 Transaction TRKD44428F791B86269 updated successfully.
INFO 2025-03-26 11:56:24,048 views 7 129854124046208 Successfully updated payment status: paid
INFO 2025-03-26 12:28:38,783 views 7 129854124046208 Received request to initiate payment.
INFO 2025-03-26 12:28:38,784 views 7 129854124046208 Generated track_id: TRK725E98B5FA36B0CC
INFO 2025-03-26 12:28:38,807 views 7 129854124046208 Created transaction with ID: 78
INFO 2025-03-26 12:28:38,808 views 7 129854124046208 Prepared KNET request data: {'trackid': 'TRK725E98B5FA36B0CC', 'amt': '50', 'id': '540801', 'password': '540801pg', 'currencycode': '414', 'langid': 'EN', 'action': '1', 'responseURL': 'https://duelingpayment.eu.pythonanywhere.com/response/', 'errorURL': 'https://duelingpayment.eu.pythonanywhere.com/error/', 'udf1': '', 'udf2': '', 'udf3': '', 'udf4': '', 'udf5': 'eyJ1c2VyX2lkIjogIjk3MTk1NiIsICJ1c2VyX25hbWUiOiAiQWxleCBjcm91c2UiLCAidG91cm5hbWVudF9pZCI6ICIyIiwgInRvdXJuYW1lbnRfbmFtZSI6ICJmZWF0dXJlZCBDaGFtcGlvbnNoaXAifQ=='}
INFO 2025-03-26 12:28:38,808 views 7 129854124046208 Successfully encrypted request data.
INFO 2025-03-26 12:28:38,808 views 7 129854124046208 Generated payment URL: https://kpaytest.com.kw/kpg/PaymentHTTP.htm?param=paymentInit&trandata=FD446712999DD795B04892A49B4A0EAB973DFB4CAD5BFF38792B8E73DD1CA2C0F61456F48121964FB02EA1EDAD4EE411236058E4FAF4A0E992CE55C8149BFA2D3DD28623BD770FB547621B851BCC72F6345873FCE769D9307AA04145EBA5B269AC3064AB10C8654AE57D1A0EEAB7CAAF3B90552727720B5E7A9486D67F9E86CA08FFF12E82285F55CC820D44C88DE62DCD9D233DAD469B67A70A5CCD5C15B3D9EA6997B5A93C10CA39BCA7642CB6054C504B6995F0AE240F1A9A3EB6B42501DE0E14EE2C9CB79CAC39AFE8BAF0902C0C994DFDC43DA0404B1CAD1875BB1217BC8C2413DBD126097E0768DD1025C455AF4AD20890381A54354AEE615519420DF43297D4AE1BDEBF2EB372FECD6DCACF243AFAAAA138C6160A3D122CFBB23E10B1253FE41EE266C3F23C623544B791CFA3D39C4426FC75690BAF830C8A97BCC146536B480A6ABA5AAF3CE2DB818654C1BBD120393CBC99F5F79BB6740BAA2C54F828E982C5B1D03145CA7601093F9D18BF1FA7A1F5F1B0601427FA8F46F45D4DBAFEF87E1D4C7C34B02DF9F6186BF73C734A126EABE09F0E13466DC4582246EB07&errorURL=https://duelingpayment.eu.pythonanywhere.com/error/&responseURL=https://duelingpayment.eu.pythonanywhere.com/response/&tranportalId=540801
INFO 2025-03-26 12:29:25,450 views 7 129854124046208 Received request to initiate payment.
INFO 2025-03-26 12:29:25,451 views 7 129854124046208 Generated track_id: TRK21D49A02BF76BFD7
INFO 2025-03-26 12:29:25,472 views 7 129854124046208 Created transaction with ID: 79
INFO 2025-03-26 12:29:25,472 views 7 129854124046208 Prepared KNET request data: {'trackid': 'TRK21D49A02BF76BFD7', 'amt': '50', 'id': '540801', 'password': '540801pg', 'currencycode': '414', 'langid': 'EN', 'action': '1', 'responseURL': 'https://duelingpayment.eu.pythonanywhere.com/response/', 'errorURL': 'https://duelingpayment.eu.pythonanywhere.com/error/', 'udf1': '', 'udf2': '', 'udf3': '', 'udf4': '', 'udf5': 'eyJ1c2VyX2lkIjogIjk3MTk1NiIsICJ1c2VyX25hbWUiOiAiQWxleCBjcm91c2UiLCAidG91cm5hbWVudF9pZCI6ICIyIiwgInRvdXJuYW1lbnRfbmFtZSI6ICJmZWF0dXJlZCBDaGFtcGlvbnNoaXAifQ=='}
INFO 2025-03-26 12:29:25,473 views 7 129854124046208 Successfully encrypted request data.
INFO 2025-03-26 12:29:25,473 views 7 129854124046208 Generated payment URL: https://kpaytest.com.kw/kpg/PaymentHTTP.htm?param=paymentInit&trandata=786410DAA5FCA5BB74E1952F7359E98C6CA1C6A3C68AD6EBD031EBAEC95A4385639221DD93AEA589BE5F95B691C8774F875B6B8D7DCE7588E661350846226D8814F4F50B14C86606AF2280E701690E99DB3A4B3AEC0EBA2477324B433F87E099EC3170D8E23F8B01D6A1AC13CC59AFD39F5CC614A781A7FA6DFBA46AF0E0D2A67A0954B633489A6F5F18B178A8B26667F5385C6866ED87DED2F9E3867E344218DB60ED25E4170CC427B109C262D3E5E03EF95EF778A7D292CAB9B0D67064FFC217DCC426D9D9D0F8C7E8DD2E1BE3DB5A4254B519DD8EA1EF08D3B78638D898AAF262CD990AA59985AC555F3C54B8775991E19FF448476DDB97DEDB2D94460C00A0B14BCF7C1CCDDDE0D6BB1D8BDFE772E7A8217D3EB52E7A3DFCD7D6A7331F8AC145C62A6606542E391C15B9287F9D1960135642FCFBA7945C50143DADF946455E13E04B1CD222B01AE5991C34F1673A413C0EBA75728AC5CA8A59AC1719A7A6EA0A95A298696DC0FED8120B722B4C9A8E344B40B3A8E4D65C5EA546B88C733E34E6E26166F8E80B37299DD5F862A39DA8FE4BDF955BC38E90841C74D1FCB0FB&errorURL=https://duelingpayment.eu.pythonanywhere.com/error/&responseURL=https://duelingpayment.eu.pythonanywhere.com/response/&tranportalId=540801
INFO 2025-03-26 12:30:30,494 views 7 129854124046208 Received payment response from KNET.
INFO 2025-03-26 12:30:30,494 views 7 129854124046208 Received request at /response/ with content-type: text/html
INFO 2025-03-26 12:30:30,494 views 7 129854124046208 Raw request body: 813F3F5793D31B3918B9C75A007929BA8651F15379B77376904D74796BFE1C5D38D1C8ADC76E445835155BFCCDC6CFA5562A42A42A2A695241FDF8412BE73B98534DF06C5830FD4D271B1E8D070E6770C3E14DF4DF72D88061023788B66FBC733ECCA06A31CEF1CF2DEB7D0C3210FC774E54B0FAB2BDA4D635735142721A769C2FAD5E27EA9FB42C68B6874FD02E3D5CF0B16FB577B6A360B999688B7779E3A652BFA07D8D9485B112887D91A53BE47E076D1D63FF6886575FDB7A95697265C75F6E539B06D3F26ED9890B0B6C4F68CEFA613A79D74674E3B09C70E2C007200421DF010803A505E324DB5D53D263B7ABDE5E421953F0DD512ED2D6742C9E00EBE62590D1F38755CA04D854DA61BE4C063396C23F3D080B772AA48CA99F904A47A5AFA9025A5D142F6CE7F24C17AE07BF36C1BD77FC0811056F2CADC98CC8B7A798FE1986DB19372E6AA71D5FDD0C30B2B390EB8036BEC3CC19F702E82447F02E4604A1437A8E0DF0C7946222304021DD92F49D4DEB8E90E39B05EC650A2FA16A
INFO 2025-03-26 12:30:30,495 views 7 129854124046208 Decoded udf5: {'user_id': '971956', 'user_name': 'Alex crouse', 'tournament_id': '2', 'tournament_name': 'featured Championship'}
INFO 2025-03-26 12:30:30,495 views 7 129854124046208 Processing transaction for Track ID: TRK21D49A02BF76BFD7, User ID: 971956, Tournament ID: 2
INFO 2025-03-26 12:30:30,523 views 7 129854124046208 Transaction TRK21D49A02BF76BFD7 updated successfully.
INFO 2025-03-26 12:30:30,867 views 7 129854124046208 Successfully updated payment status: paid
WARNING 2025-03-26 12:30:34,436 log 7 129854124046208 Not Found: /favicon.ico
